This file contains any messages produced by compilers while
running configure, to aid debugging if configure makes a mistake.

It was created by Simpcomp Bistellar configure 1.0, which was
generated by GNU Autoconf 2.69.  Invocation command line was

  $ ./configure --with-gaproot=/Users/runner/sage-local/lib/gap/

## --------- ##
## Platform. ##
## --------- ##

hostname = Mac-1757920673742.local
uname -m = x86_64
uname -r = 22.6.0
uname -s = Darwin
uname -v = Darwin Kernel Version 22.6.0: Thu Apr 24 20:25:14 PDT 2025; root:xnu-8796.141.3.712.2~1/RELEASE_X86_64

/usr/bin/uname -p = i386
/bin/uname -X     = unknown

/bin/arch              = unknown
/usr/bin/arch -k       = unknown
/usr/convex/getsysinfo = unknown
/usr/bin/hostinfo      = Mach kernel version:
	 Darwin Kernel Version 22.6.0: Thu Apr 24 20:25:14 PDT 2025; root:xnu-8796.141.3.712.2~1/RELEASE_X86_64
Kernel configured for up to 4 processors.
4 processors are physically available.
4 processors are logically available.
Processor type: x86_64h (Intel x86-64h Haswell)
Processors active: 0 1 2 3
Primary memory available: 14.00 gigabytes
Default processor set: 446 tasks, 1278 threads, 4 processors
Load average: 5.43, Mach factor: 0.69
/bin/machine           = unknown
/usr/bin/oslevel       = unknown
/bin/universe          = unknown

PATH: /Users/runner/sage-local/libexec/ccache
PATH: /Users/runner/work/passagemath/passagemath/build/bin
PATH: /Users/runner/work/passagemath/passagemath/tools
PATH: /Users/runner/sage-local/var/lib/sage/venv-python3.13/bin
PATH: /Users/runner/sage-local/bin
PATH: /Users/runner/sage-local/libexec/ccache
PATH: /Users/runner/work/passagemath/passagemath/build/bin
PATH: /Users/runner/work/passagemath/passagemath/tools
PATH: /Users/runner/sage-local/bin
PATH: /Users/runner/work/passagemath/passagemath/src/bin
PATH: /Users/runner/sage-local/bin
PATH: /Users/runner/work/passagemath/passagemath/build/bin
PATH: /Users/runner/work/passagemath/passagemath/src/bin
PATH: /Users/runner/sage-local/bin
PATH: /usr/local/opt/texinfo/bin
PATH: /usr/local/opt/bzip2/bin
PATH: /Users/runner/work/passagemath/passagemath/prefix/bin
PATH: /usr/local/lib/ruby/gems/3.3.0/bin
PATH: /usr/local/opt/ruby@3.3/bin
PATH: /usr/local/opt/pipx_bin
PATH: /Users/runner/.cargo/bin
PATH: /usr/local/opt/curl/bin
PATH: /usr/local/bin
PATH: /usr/local/sbin
PATH: /Users/runner/bin
PATH: /Users/runner/.yarn/bin
PATH: /Users/runner/Library/Android/sdk/tools
PATH: /Users/runner/Library/Android/sdk/platform-tools
PATH: /Library/Frameworks/Python.framework/Versions/Current/bin
PATH: /Library/Frameworks/Mono.framework/Versions/Current/Commands
PATH: /usr/bin
PATH: /bin
PATH: /usr/sbin
PATH: /sbin
PATH: /Users/runner/.dotnet/tools


## ----------- ##
## Core tests. ##
## ----------- ##

configure:1843: checking for a BSD-compatible install
configure:1911: result: /usr/bin/install -c
configure:1922: checking whether build environment is sane
configure:1977: result: yes
configure:2128: checking for a thread-safe mkdir -p
configure:2167: result: ./install-sh -c -d
configure:2174: checking for gawk
configure:2204: result: no
configure:2174: checking for mawk
configure:2204: result: no
configure:2174: checking for nawk
configure:2204: result: no
configure:2174: checking for awk
configure:2190: found /usr/bin/awk
configure:2201: result: awk
configure:2212: checking whether make sets $(MAKE)
configure:2234: result: yes
configure:2263: checking whether make supports nested variables
configure:2280: result: yes
configure:2510: checking for C++ compiler version
configure:2519: g++ -std=gnu++11 -std=gnu++11 --version >&5
Apple clang version 15.0.0 (clang-1500.1.0.2.5)
Target: x86_64-apple-darwin22.6.0
Thread model: posix
InstalledDir: /Applications/Xcode_15.2.app/Contents/Developer/Toolchains/XcodeDefault.xctoolchain/usr/bin
configure:2530: $? = 0
configure:2519: g++ -std=gnu++11 -std=gnu++11 -v >&5
Apple clang version 15.0.0 (clang-1500.1.0.2.5)
Target: x86_64-apple-darwin22.6.0
Thread model: posix
InstalledDir: /Applications/Xcode_15.2.app/Contents/Developer/Toolchains/XcodeDefault.xctoolchain/usr/bin
configure:2530: $? = 0
configure:2519: g++ -std=gnu++11 -std=gnu++11 -V >&5
clang: error: argument to '-V' is missing (expected 1 value)
clang: error: no input files
configure:2530: $? = 1
configure:2519: g++ -std=gnu++11 -std=gnu++11 -qversion >&5
clang: error: unknown argument '-qversion'; did you mean '--version'?
clang: error: no input files
configure:2530: $? = 1
configure:2550: checking whether the C++ compiler works
configure:2572: g++ -std=gnu++11 -std=gnu++11 -g -O2  -L/Users/runner/sage-local/lib -L/Users/runner/sage-local/lib -Wl,-ld_classic -Wl,-headerpad_max_install_names  -Wl,-ld_classic conftest.cpp  >&5
configure:2576: $? = 0
configure:2624: result: yes
configure:2627: checking for C++ compiler default output file name
configure:2629: result: a.out
configure:2635: checking for suffix of executables
configure:2642: g++ -std=gnu++11 -std=gnu++11 -o conftest -g -O2  -L/Users/runner/sage-local/lib -L/Users/runner/sage-local/lib -Wl,-ld_classic -Wl,-headerpad_max_install_names  -Wl,-ld_classic conftest.cpp  >&5
configure:2646: $? = 0
configure:2668: result: 
configure:2690: checking whether we are cross compiling
configure:2698: g++ -std=gnu++11 -std=gnu++11 -o conftest -g -O2  -L/Users/runner/sage-local/lib -L/Users/runner/sage-local/lib -Wl,-ld_classic -Wl,-headerpad_max_install_names  -Wl,-ld_classic conftest.cpp  >&5
configure:2702: $? = 0
configure:2709: ./conftest
configure:2713: $? = 0
configure:2728: result: no
configure:2733: checking for suffix of object files
configure:2755: g++ -std=gnu++11 -std=gnu++11 -c -g -O2  conftest.cpp >&5
configure:2759: $? = 0
configure:2780: result: o
configure:2784: checking whether we are using the GNU C++ compiler
configure:2803: g++ -std=gnu++11 -std=gnu++11 -c -g -O2  conftest.cpp >&5
configure:2803: $? = 0
configure:2812: result: yes
configure:2821: checking whether g++ -std=gnu++11 -std=gnu++11 accepts -g
configure:2841: g++ -std=gnu++11 -std=gnu++11 -c -g  conftest.cpp >&5
configure:2841: $? = 0
configure:2882: result: yes
configure:2916: checking for style of include used by make
configure:2944: result: GNU
configure:2970: checking dependency style of g++ -std=gnu++11 -std=gnu++11
configure:3081: result: gcc3
configure:3243: checking that generated files are newer than configure
configure:3249: result: done
configure:3272: creating ./config.status

## ---------------------- ##
## Running config.status. ##
## ---------------------- ##

This file was extended by Simpcomp Bistellar config.status 1.0, which was
generated by GNU Autoconf 2.69.  Invocation command line was

  CONFIG_FILES    = 
  CONFIG_HEADERS  = 
  CONFIG_LINKS    = 
  CONFIG_COMMANDS = 
  $ ./config.status 

on Mac-1757920673742.local

config.status:773: creating Makefile
config.status:945: executing depfiles commands
configure:4397: WARNING: unrecognized options: --with-gaproot

## ---------------- ##
## Cache variables. ##
## ---------------- ##

ac_cv_cxx_compiler_gnu=yes
ac_cv_env_CCC_set=
ac_cv_env_CCC_value=
ac_cv_env_CPPFLAGS_set=
ac_cv_env_CPPFLAGS_value=
ac_cv_env_CXXFLAGS_set=set
ac_cv_env_CXXFLAGS_value='-g -O2'
ac_cv_env_CXX_set=set
ac_cv_env_CXX_value='g++ -std=gnu++11 -std=gnu++11'
ac_cv_env_LDFLAGS_set=set
ac_cv_env_LDFLAGS_value='-L/Users/runner/sage-local/lib -L/Users/runner/sage-local/lib -Wl,-ld_classic -Wl,-headerpad_max_install_names  -Wl,-ld_classic'
ac_cv_env_LIBS_set=
ac_cv_env_LIBS_value=
ac_cv_env_build_alias_set=
ac_cv_env_build_alias_value=
ac_cv_env_host_alias_set=
ac_cv_env_host_alias_value=
ac_cv_env_target_alias_set=
ac_cv_env_target_alias_value=
ac_cv_objext=o
ac_cv_path_install='/usr/bin/install -c'
ac_cv_prog_AWK=awk
ac_cv_prog_cxx_g=yes
ac_cv_prog_make_make_set=yes
am_cv_CXX_dependencies_compiler_type=gcc3
am_cv_make_support_nested_variables=yes

## ----------------- ##
## Output variables. ##
## ----------------- ##

ACLOCAL='${SHELL} /Users/runner/sage-local/var/tmp/sage/build/gap_packages-4.14.0.p0/src/pkg/simpcomp/missing aclocal-1.15'
AMDEPBACKSLASH='\'
AMDEP_FALSE='#'
AMDEP_TRUE=''
AMTAR='$${TAR-tar}'
AM_BACKSLASH='\'
AM_DEFAULT_V='$(AM_DEFAULT_VERBOSITY)'
AM_DEFAULT_VERBOSITY='1'
AM_V='$(V)'
AUTOCONF='${SHELL} /Users/runner/sage-local/var/tmp/sage/build/gap_packages-4.14.0.p0/src/pkg/simpcomp/missing autoconf'
AUTOHEADER='${SHELL} /Users/runner/sage-local/var/tmp/sage/build/gap_packages-4.14.0.p0/src/pkg/simpcomp/missing autoheader'
AUTOMAKE='${SHELL} /Users/runner/sage-local/var/tmp/sage/build/gap_packages-4.14.0.p0/src/pkg/simpcomp/missing automake-1.15'
AWK='awk'
CPPFLAGS=''
CXX='g++ -std=gnu++11 -std=gnu++11'
CXXDEPMODE='depmode=gcc3'
CXXFLAGS='-g -O2'
CYGPATH_W='echo'
DEFS='-DPACKAGE_NAME=\"Simpcomp\ Bistellar\" -DPACKAGE_TARNAME=\"simpcomp-bistellar\" -DPACKAGE_VERSION=\"1.0\" -DPACKAGE_STRING=\"Simpcomp\ Bistellar\ 1.0\" -DPACKAGE_BUGREPORT=\"\" -DPACKAGE_URL=\"\"'
DEPDIR='.deps'
ECHO_C='\c'
ECHO_N=''
ECHO_T=''
EXEEXT=''
INSTALL_DATA='${INSTALL} -m 644'
INSTALL_PROGRAM='${INSTALL}'
INSTALL_SCRIPT='${INSTALL}'
INSTALL_STRIP_PROGRAM='$(install_sh) -c -s'
LDFLAGS='-L/Users/runner/sage-local/lib -L/Users/runner/sage-local/lib -Wl,-ld_classic -Wl,-headerpad_max_install_names  -Wl,-ld_classic'
LIBOBJS=''
LIBS=''
LTLIBOBJS=''
MAKEINFO='${SHELL} /Users/runner/sage-local/var/tmp/sage/build/gap_packages-4.14.0.p0/src/pkg/simpcomp/missing makeinfo'
MKDIR_P='./install-sh -c -d'
OBJEXT='o'
PACKAGE='simpcomp-bistellar'
PACKAGE_BUGREPORT=''
PACKAGE_NAME='Simpcomp Bistellar'
PACKAGE_STRING='Simpcomp Bistellar 1.0'
PACKAGE_TARNAME='simpcomp-bistellar'
PACKAGE_URL=''
PACKAGE_VERSION='1.0'
PATH_SEPARATOR=':'
SET_MAKE=''
SHELL='/bin/sh'
STRIP=''
VERSION='1.0'
ac_ct_CXX=''
am__EXEEXT_FALSE=''
am__EXEEXT_TRUE='#'
am__fastdepCXX_FALSE='#'
am__fastdepCXX_TRUE=''
am__include='include'
am__isrc=''
am__leading_dot='.'
am__nodep='_no'
am__quote=''
am__tar='$${TAR-tar} chof - "$$tardir"'
am__untar='$${TAR-tar} xf -'
bindir='${exec_prefix}/bin'
build_alias=''
datadir='${datarootdir}'
datarootdir='${prefix}/share'
docdir='${datarootdir}/doc/${PACKAGE_TARNAME}'
dvidir='${docdir}'
exec_prefix='${prefix}'
host_alias=''
htmldir='${docdir}'
includedir='${prefix}/include'
infodir='${datarootdir}/info'
install_sh='${SHELL} /Users/runner/sage-local/var/tmp/sage/build/gap_packages-4.14.0.p0/src/pkg/simpcomp/install-sh'
libdir='${exec_prefix}/lib'
libexecdir='${exec_prefix}/libexec'
localedir='${datarootdir}/locale'
localstatedir='${prefix}/var'
mandir='${datarootdir}/man'
mkdir_p='$(MKDIR_P)'
oldincludedir='/usr/include'
pdfdir='${docdir}'
prefix='/usr/local'
program_transform_name='s,x,x,'
psdir='${docdir}'
runstatedir='${localstatedir}/run'
sbindir='${exec_prefix}/sbin'
sharedstatedir='${prefix}/com'
sysconfdir='${prefix}/etc'
target_alias=''

## ----------- ##
## confdefs.h. ##
## ----------- ##

/* confdefs.h */
#define PACKAGE_NAME "Simpcomp Bistellar"
#define PACKAGE_TARNAME "simpcomp-bistellar"
#define PACKAGE_VERSION "1.0"
#define PACKAGE_STRING "Simpcomp Bistellar 1.0"
#define PACKAGE_BUGREPORT ""
#define PACKAGE_URL ""

configure: exit 0
