This file contains any messages produced by compilers while
running configure, to aid debugging if configure makes a mistake.

It was created by NormalizInterface configure package, which was
generated by GNU Autoconf 2.72.  Invocation command line was

  $ ./configure --with-gaproot=/Users/runner/sage-local/lib/gap/

## --------- ##
## Platform. ##
## --------- ##

hostname = Mac-1757919746149.local
uname -m = arm64
uname -r = 23.6.0
uname -s = Darwin
uname -v = Darwin Kernel Version 23.6.0: Thu Apr 24 20:27:23 PDT 2025; root:xnu-10063.141.1.705.2~1/RELEASE_ARM64_VMAPPLE

/usr/bin/uname -p = arm
/bin/uname -X     = unknown

/bin/arch              = unknown
/usr/bin/arch -k       = unknown
/usr/convex/getsysinfo = unknown
/usr/bin/hostinfo      = Mach kernel version:
	 Darwin Kernel Version 23.6.0: Thu Apr 24 20:27:23 PDT 2025; root:xnu-10063.141.1.705.2~1/RELEASE_ARM64_VMAPPLE
Kernel configured for up to 3 processors.
3 processors are physically available.
3 processors are logically available.
Processor type: arm64e (ARM64E)
Processors active: 0 1 2
Primary memory available: 7.00 gigabytes
Default processor set: 508 tasks, 1534 threads, 3 processors
Load average: 17.12, Mach factor: 0.21
/bin/machine           = unknown
/usr/bin/oslevel       = unknown
/bin/universe          = unknown

PATH: /Users/runner/sage-local/libexec/ccache/
PATH: /Users/runner/work/passagemath/passagemath/build/bin/
PATH: /Users/runner/work/passagemath/passagemath/tools/
PATH: /Users/runner/sage-local/var/lib/sage/venv-python3.13/bin/
PATH: /Users/runner/sage-local/bin/
PATH: /Users/runner/sage-local/libexec/ccache/
PATH: /Users/runner/work/passagemath/passagemath/build/bin/
PATH: /Users/runner/work/passagemath/passagemath/tools/
PATH: /Users/runner/sage-local/bin/
PATH: /Users/runner/work/passagemath/passagemath/src/bin/
PATH: /Users/runner/sage-local/bin/
PATH: /Users/runner/work/passagemath/passagemath/build/bin/
PATH: /Users/runner/work/passagemath/passagemath/src/bin/
PATH: /Users/runner/sage-local/bin/
PATH: /opt/homebrew/opt/texinfo/bin/
PATH: /opt/homebrew/opt/bzip2/bin/
PATH: /Users/runner/work/passagemath/passagemath/prefix/bin/
PATH: /opt/homebrew/lib/ruby/gems/3.3.0/bin/
PATH: /opt/homebrew/opt/ruby@3.3/bin/
PATH: /Users/runner/.local/bin/
PATH: /opt/homebrew/bin/
PATH: /opt/homebrew/sbin/
PATH: /Users/runner/.cargo/bin/
PATH: /usr/local/opt/curl/bin/
PATH: /usr/local/bin/
PATH: /usr/local/sbin/
PATH: /Users/runner/bin/
PATH: /Users/runner/.yarn/bin/
PATH: /Users/runner/Library/Android/sdk/tools/
PATH: /Users/runner/Library/Android/sdk/platform-tools/
PATH: /Library/Frameworks/Python.framework/Versions/Current/bin/
PATH: /Library/Frameworks/Mono.framework/Versions/Current/Commands/
PATH: /usr/bin/
PATH: /bin/
PATH: /usr/sbin/
PATH: /sbin/
PATH: /Users/runner/.dotnet/tools/


## ----------- ##
## Core tests. ##
## ----------- ##

configure:2301: checking for C++ compiler version
configure:2310: g++ -std=gnu++11 -std=gnu++11 --version >&5
Apple clang version 15.0.0 (clang-1500.3.9.4)
Target: arm64-apple-darwin23.6.0
Thread model: posix
InstalledDir: /Applications/Xcode_15.4.app/Contents/Developer/Toolchains/XcodeDefault.xctoolchain/usr/bin
configure:2321: $? = 0
configure:2310: g++ -std=gnu++11 -std=gnu++11 -v >&5
Apple clang version 15.0.0 (clang-1500.3.9.4)
Target: arm64-apple-darwin23.6.0
Thread model: posix
InstalledDir: /Applications/Xcode_15.4.app/Contents/Developer/Toolchains/XcodeDefault.xctoolchain/usr/bin
configure:2321: $? = 0
configure:2310: g++ -std=gnu++11 -std=gnu++11 -V >&5
clang: error: argument to '-V' is missing (expected 1 value)
clang: error: no input files
configure:2321: $? = 1
configure:2310: g++ -std=gnu++11 -std=gnu++11 -qversion >&5
clang: error: unknown argument '-qversion'; did you mean '--version'?
clang: error: no input files
configure:2321: $? = 1
configure:2341: checking whether the C++ compiler works
configure:2363: g++ -std=gnu++11 -std=gnu++11 -g -O2  -L/Users/runner/sage-local/lib -L/Users/runner/sage-local/lib -Wl,-ld_classic -Wl,-headerpad_max_install_names  -Wl,-ld_classic conftest.cpp  >&5
configure:2367: $? = 0
configure:2418: result: yes
configure:2422: checking for C++ compiler default output file name
configure:2424: result: a.out
configure:2430: checking for suffix of executables
configure:2437: g++ -std=gnu++11 -std=gnu++11 -o conftest -g -O2  -L/Users/runner/sage-local/lib -L/Users/runner/sage-local/lib -Wl,-ld_classic -Wl,-headerpad_max_install_names  -Wl,-ld_classic conftest.cpp  >&5
configure:2441: $? = 0
configure:2465: result: 
configure:2489: checking whether we are cross compiling
configure:2497: g++ -std=gnu++11 -std=gnu++11 -o conftest -g -O2  -L/Users/runner/sage-local/lib -L/Users/runner/sage-local/lib -Wl,-ld_classic -Wl,-headerpad_max_install_names  -Wl,-ld_classic conftest.cpp  >&5
configure:2501: $? = 0
configure:2508: ./conftest
configure:2512: $? = 0
configure:2527: result: no
configure:2533: checking for suffix of object files
configure:2556: g++ -std=gnu++11 -std=gnu++11 -c -g -O2  conftest.cpp >&5
configure:2560: $? = 0
configure:2584: result: o
configure:2588: checking whether the compiler supports GNU C++
configure:2608: g++ -std=gnu++11 -std=gnu++11 -c -g -O2  conftest.cpp >&5
configure:2608: $? = 0
configure:2620: result: yes
configure:2631: checking whether g++ -std=gnu++11 -std=gnu++11 accepts -g
configure:2652: g++ -std=gnu++11 -std=gnu++11 -c -g  conftest.cpp >&5
configure:2652: $? = 0
configure:2699: result: yes
configure:2719: checking for g++ -std=gnu++11 -std=gnu++11 option to enable C++11 features
configure:2734: g++ -std=gnu++11 -std=gnu++11  -c -g -O2  conftest.cpp >&5
conftest.cpp:175:25: warning: empty parentheses interpreted as a function declaration [-Wvexing-parse]
  cxx11test::delegate d2();
                        ^~
conftest.cpp:175:25: note: remove parentheses to declare a variable
  cxx11test::delegate d2();
                        ^~
1 warning generated.
configure:2734: $? = 0
configure:2753: result: none needed
configure:2842: checking whether g++ -std=gnu++11 -std=gnu++11 supports C++14 features with -std=gnu++14
configure:3261: g++ -std=gnu++11 -std=gnu++11 -std=gnu++14 -c -g -O2  conftest.cpp >&5
configure:3261: $? = 0
configure:3273: result: yes
configure:3777: checking for GAP root directory
configure:3794: result: /Users/runner/sage-local/lib/gap
configure:3818: checking for GAP architecture
configure:3825: result: aarch64-apple-darwin23-default64-kv9
configure:3878: checking for GMP
configure:3941: checking for stdio.h
configure:3941: g++ -std=gnu++11 -std=gnu++11 -std=gnu++14 -c -g -O2  -I/Users/runner/sage-local/var/tmp/sage/build/gap_packages-4.14.0.p0/src/pkg/normalizinterface/NormalizInstallDir/include  conftest.cpp >&5
configure:3941: $? = 0
configure:3941: result: yes
configure:3941: checking for stdlib.h
configure:3941: g++ -std=gnu++11 -std=gnu++11 -std=gnu++14 -c -g -O2  -I/Users/runner/sage-local/var/tmp/sage/build/gap_packages-4.14.0.p0/src/pkg/normalizinterface/NormalizInstallDir/include  conftest.cpp >&5
configure:3941: $? = 0
configure:3941: result: yes
configure:3941: checking for string.h
configure:3941: g++ -std=gnu++11 -std=gnu++11 -std=gnu++14 -c -g -O2  -I/Users/runner/sage-local/var/tmp/sage/build/gap_packages-4.14.0.p0/src/pkg/normalizinterface/NormalizInstallDir/include  conftest.cpp >&5
configure:3941: $? = 0
configure:3941: result: yes
configure:3941: checking for inttypes.h
configure:3941: g++ -std=gnu++11 -std=gnu++11 -std=gnu++14 -c -g -O2  -I/Users/runner/sage-local/var/tmp/sage/build/gap_packages-4.14.0.p0/src/pkg/normalizinterface/NormalizInstallDir/include  conftest.cpp >&5
configure:3941: $? = 0
configure:3941: result: yes
configure:3941: checking for stdint.h
configure:3941: g++ -std=gnu++11 -std=gnu++11 -std=gnu++14 -c -g -O2  -I/Users/runner/sage-local/var/tmp/sage/build/gap_packages-4.14.0.p0/src/pkg/normalizinterface/NormalizInstallDir/include  conftest.cpp >&5
configure:3941: $? = 0
configure:3941: result: yes
configure:3941: checking for strings.h
configure:3941: g++ -std=gnu++11 -std=gnu++11 -std=gnu++14 -c -g -O2  -I/Users/runner/sage-local/var/tmp/sage/build/gap_packages-4.14.0.p0/src/pkg/normalizinterface/NormalizInstallDir/include  conftest.cpp >&5
configure:3941: $? = 0
configure:3941: result: yes
configure:3941: checking for sys/stat.h
configure:3941: g++ -std=gnu++11 -std=gnu++11 -std=gnu++14 -c -g -O2  -I/Users/runner/sage-local/var/tmp/sage/build/gap_packages-4.14.0.p0/src/pkg/normalizinterface/NormalizInstallDir/include  conftest.cpp >&5
configure:3941: $? = 0
configure:3941: result: yes
configure:3941: checking for sys/types.h
configure:3941: g++ -std=gnu++11 -std=gnu++11 -std=gnu++14 -c -g -O2  -I/Users/runner/sage-local/var/tmp/sage/build/gap_packages-4.14.0.p0/src/pkg/normalizinterface/NormalizInstallDir/include  conftest.cpp >&5
configure:3941: $? = 0
configure:3941: result: yes
configure:3941: checking for unistd.h
configure:3941: g++ -std=gnu++11 -std=gnu++11 -std=gnu++14 -c -g -O2  -I/Users/runner/sage-local/var/tmp/sage/build/gap_packages-4.14.0.p0/src/pkg/normalizinterface/NormalizInstallDir/include  conftest.cpp >&5
configure:3941: $? = 0
configure:3941: result: yes
configure:3966: checking for libnormaliz/cone.h
configure:3966: g++ -std=gnu++11 -std=gnu++11 -std=gnu++14 -c -g -O2  -I/Users/runner/sage-local/var/tmp/sage/build/gap_packages-4.14.0.p0/src/pkg/normalizinterface/NormalizInstallDir/include  conftest.cpp >&5
configure:3966: $? = 0
configure:3966: result: yes
configure:3976: checking for Normaliz >= 3.5.4
configure:3992: g++ -std=gnu++11 -std=gnu++11 -std=gnu++14 -c -g -O2  -I/Users/runner/sage-local/var/tmp/sage/build/gap_packages-4.14.0.p0/src/pkg/normalizinterface/NormalizInstallDir/include  conftest.cpp >&5
configure:3992: $? = 0
configure:4001: result: yes
configure:4159: creating ./config.status

## ---------------------- ##
## Running config.status. ##
## ---------------------- ##

This file was extended by NormalizInterface config.status package, which was
generated by GNU Autoconf 2.72.  Invocation command line was

  CONFIG_FILES    = 
  CONFIG_HEADERS  = 
  CONFIG_LINKS    = 
  CONFIG_COMMANDS = 
  $ ./config.status 

on Mac-1757919746149.local

config.status:730: creating Makefile

## ---------------- ##
## Cache variables. ##
## ---------------- ##

ac_cv_cxx_compiler_gnu=yes
ac_cv_env_CCC_set=
ac_cv_env_CCC_value=
ac_cv_env_CPPFLAGS_set=
ac_cv_env_CPPFLAGS_value=
ac_cv_env_CXXFLAGS_set=set
ac_cv_env_CXXFLAGS_value='-g -O2'
ac_cv_env_CXX_set=set
ac_cv_env_CXX_value='g++ -std=gnu++11 -std=gnu++11'
ac_cv_env_LDFLAGS_set=set
ac_cv_env_LDFLAGS_value='-L/Users/runner/sage-local/lib -L/Users/runner/sage-local/lib -Wl,-ld_classic -Wl,-headerpad_max_install_names  -Wl,-ld_classic'
ac_cv_env_LIBS_set=
ac_cv_env_LIBS_value=
ac_cv_env_build_alias_set=
ac_cv_env_build_alias_value=
ac_cv_env_host_alias_set=
ac_cv_env_host_alias_value=
ac_cv_env_target_alias_set=
ac_cv_env_target_alias_value=
ac_cv_header_inttypes_h=yes
ac_cv_header_libnormaliz_cone_h=yes
ac_cv_header_stdint_h=yes
ac_cv_header_stdio_h=yes
ac_cv_header_stdlib_h=yes
ac_cv_header_string_h=yes
ac_cv_header_strings_h=yes
ac_cv_header_sys_stat_h=yes
ac_cv_header_sys_types_h=yes
ac_cv_header_unistd_h=yes
ac_cv_objext=o
ac_cv_prog_cxx_cxx11=
ac_cv_prog_cxx_g=yes
ac_cv_prog_cxx_stdcxx=
ax_cv_cxx_compile_cxx14__std_gnupp14=yes

## ----------------- ##
## Output variables. ##
## ----------------- ##

CPPFLAGS=''
CXX='g++ -std=gnu++11 -std=gnu++11 -std=gnu++14'
CXXFLAGS='-g -O2'
DEFS='-DPACKAGE_NAME=\"NormalizInterface\" -DPACKAGE_TARNAME=\"NormalizInterface\" -DPACKAGE_VERSION=\"package\" -DPACKAGE_STRING=\"NormalizInterface\ package\" -DPACKAGE_BUGREPORT=\"https://github.com/gap-packages/NormalizInterface/issues\" -DPACKAGE_URL=\"https://gap-packages.github.io/NormalizInterface/\" -DHAVE_CXX14=1 -DHAVE_STDIO_H=1 -DHAVE_STDLIB_H=1 -DHAVE_STRING_H=1 -DHAVE_INTTYPES_H=1 -DHAVE_STDINT_H=1 -DHAVE_STRINGS_H=1 -DHAVE_SYS_STAT_H=1 -DHAVE_SYS_TYPES_H=1 -DHAVE_UNISTD_H=1 -DSTDC_HEADERS=1'
ECHO_C='\c'
ECHO_N=''
ECHO_T=''
EXEEXT=''
GAPARCH='aarch64-apple-darwin23-default64-kv9'
GAPROOT='/Users/runner/sage-local/lib/gap'
GAP_CFLAGS=' -pthread -g -O2'
GAP_CPPFLAGS='-I/Users/runner/sage-local/include/gap -I/Users/runner/sage-local/include -DUSE_GASMAN=1 -I/src'
GAP_LDFLAGS=''
GMP_CPPFLAGS=''
GMP_LDFLAGS=''
HAVE_CXX14='1'
LDFLAGS='-L/Users/runner/sage-local/lib -L/Users/runner/sage-local/lib -Wl,-ld_classic -Wl,-headerpad_max_install_names  -Wl,-ld_classic'
LIBOBJS=''
LIBS=''
LTLIBOBJS=''
NORMALIZ_CPPFLAGS='-I/Users/runner/sage-local/var/tmp/sage/build/gap_packages-4.14.0.p0/src/pkg/normalizinterface/NormalizInstallDir/include'
NORMALIZ_LDFLAGS='-Wl,-rpath,/Users/runner/sage-local/var/tmp/sage/build/gap_packages-4.14.0.p0/src/pkg/normalizinterface/NormalizInstallDir/lib -L/Users/runner/sage-local/var/tmp/sage/build/gap_packages-4.14.0.p0/src/pkg/normalizinterface/NormalizInstallDir/lib'
OBJEXT='o'
PACKAGE_BUGREPORT='https://github.com/gap-packages/NormalizInterface/issues'
PACKAGE_NAME='NormalizInterface'
PACKAGE_STRING='NormalizInterface package'
PACKAGE_TARNAME='NormalizInterface'
PACKAGE_URL='https://gap-packages.github.io/NormalizInterface/'
PACKAGE_VERSION='package'
PATH_SEPARATOR=':'
SHELL='/bin/sh'
ac_ct_CXX=''
bindir='${exec_prefix}/bin'
build_alias=''
datadir='${datarootdir}'
datarootdir='${prefix}/share'
docdir='${datarootdir}/doc/${PACKAGE_TARNAME}'
dvidir='${docdir}'
exec_prefix='${prefix}'
host_alias=''
htmldir='${docdir}'
includedir='${prefix}/include'
infodir='${datarootdir}/info'
libdir='${exec_prefix}/lib'
libexecdir='${exec_prefix}/libexec'
localedir='${datarootdir}/locale'
localstatedir='${prefix}/var'
mandir='${datarootdir}/man'
oldincludedir='/usr/include'
pdfdir='${docdir}'
prefix='/usr/local'
program_transform_name='s,x,x,'
psdir='${docdir}'
runstatedir='${localstatedir}/run'
sbindir='${exec_prefix}/sbin'
sharedstatedir='${prefix}/com'
sysconfdir='${prefix}/etc'
target_alias=''

## ----------- ##
## confdefs.h. ##
## ----------- ##

/* confdefs.h */
#define PACKAGE_NAME "NormalizInterface"
#define PACKAGE_TARNAME "NormalizInterface"
#define PACKAGE_VERSION "package"
#define PACKAGE_STRING "NormalizInterface package"
#define PACKAGE_BUGREPORT "https://github.com/gap-packages/NormalizInterface/issues"
#define PACKAGE_URL "https://gap-packages.github.io/NormalizInterface/"
#define HAVE_CXX14 1
#define HAVE_STDIO_H 1
#define HAVE_STDLIB_H 1
#define HAVE_STRING_H 1
#define HAVE_INTTYPES_H 1
#define HAVE_STDINT_H 1
#define HAVE_STRINGS_H 1
#define HAVE_SYS_STAT_H 1
#define HAVE_SYS_TYPES_H 1
#define HAVE_UNISTD_H 1
#define STDC_HEADERS 1

configure: exit 0
