This file contains any messages produced by compilers while
running configure, to aid debugging if configure makes a mistake.

It was created by ferret configure package, which was
generated by GNU Autoconf 2.71.  Invocation command line was

  $ ./configure --with-gaproot=/Users/runner/sage-local/lib/gap/

## --------- ##
## Platform. ##
## --------- ##

hostname = Mac-1757920673742.local
uname -m = x86_64
uname -r = 22.6.0
uname -s = Darwin
uname -v = Darwin Kernel Version 22.6.0: Thu Apr 24 20:25:14 PDT 2025; root:xnu-8796.141.3.712.2~1/RELEASE_X86_64

/usr/bin/uname -p = i386
/bin/uname -X     = unknown

/bin/arch              = unknown
/usr/bin/arch -k       = unknown
/usr/convex/getsysinfo = unknown
/usr/bin/hostinfo      = Mach kernel version:
	 Darwin Kernel Version 22.6.0: Thu Apr 24 20:25:14 PDT 2025; root:xnu-8796.141.3.712.2~1/RELEASE_X86_64
Kernel configured for up to 4 processors.
4 processors are physically available.
4 processors are logically available.
Processor type: x86_64h (Intel x86-64h Haswell)
Processors active: 0 1 2 3
Primary memory available: 14.00 gigabytes
Default processor set: 444 tasks, 1272 threads, 4 processors
Load average: 3.95, Mach factor: 1.37
/bin/machine           = unknown
/usr/bin/oslevel       = unknown
/bin/universe          = unknown

PATH: /Users/runner/sage-local/libexec/ccache/
PATH: /Users/runner/work/passagemath/passagemath/build/bin/
PATH: /Users/runner/work/passagemath/passagemath/tools/
PATH: /Users/runner/sage-local/var/lib/sage/venv-python3.13/bin/
PATH: /Users/runner/sage-local/bin/
PATH: /Users/runner/sage-local/libexec/ccache/
PATH: /Users/runner/work/passagemath/passagemath/build/bin/
PATH: /Users/runner/work/passagemath/passagemath/tools/
PATH: /Users/runner/sage-local/bin/
PATH: /Users/runner/work/passagemath/passagemath/src/bin/
PATH: /Users/runner/sage-local/bin/
PATH: /Users/runner/work/passagemath/passagemath/build/bin/
PATH: /Users/runner/work/passagemath/passagemath/src/bin/
PATH: /Users/runner/sage-local/bin/
PATH: /usr/local/opt/texinfo/bin/
PATH: /usr/local/opt/bzip2/bin/
PATH: /Users/runner/work/passagemath/passagemath/prefix/bin/
PATH: /usr/local/lib/ruby/gems/3.3.0/bin/
PATH: /usr/local/opt/ruby@3.3/bin/
PATH: /usr/local/opt/pipx_bin/
PATH: /Users/runner/.cargo/bin/
PATH: /usr/local/opt/curl/bin/
PATH: /usr/local/bin/
PATH: /usr/local/sbin/
PATH: /Users/runner/bin/
PATH: /Users/runner/.yarn/bin/
PATH: /Users/runner/Library/Android/sdk/tools/
PATH: /Users/runner/Library/Android/sdk/platform-tools/
PATH: /Library/Frameworks/Python.framework/Versions/Current/bin/
PATH: /Library/Frameworks/Mono.framework/Versions/Current/Commands/
PATH: /usr/bin/
PATH: /bin/
PATH: /usr/sbin/
PATH: /sbin/
PATH: /Users/runner/.dotnet/tools/


## ----------- ##
## Core tests. ##
## ----------- ##

configure:2167: checking for C++ compiler version
configure:2176: g++ -std=gnu++11 -std=gnu++11 --version >&5
Apple clang version 15.0.0 (clang-1500.1.0.2.5)
Target: x86_64-apple-darwin22.6.0
Thread model: posix
InstalledDir: /Applications/Xcode_15.2.app/Contents/Developer/Toolchains/XcodeDefault.xctoolchain/usr/bin
configure:2187: $? = 0
configure:2176: g++ -std=gnu++11 -std=gnu++11 -v >&5
Apple clang version 15.0.0 (clang-1500.1.0.2.5)
Target: x86_64-apple-darwin22.6.0
Thread model: posix
InstalledDir: /Applications/Xcode_15.2.app/Contents/Developer/Toolchains/XcodeDefault.xctoolchain/usr/bin
configure:2187: $? = 0
configure:2176: g++ -std=gnu++11 -std=gnu++11 -V >&5
clang: error: argument to '-V' is missing (expected 1 value)
clang: error: no input files
configure:2187: $? = 1
configure:2176: g++ -std=gnu++11 -std=gnu++11 -qversion >&5
clang: error: unknown argument '-qversion'; did you mean '--version'?
clang: error: no input files
configure:2187: $? = 1
configure:2207: checking whether the C++ compiler works
configure:2229: g++ -std=gnu++11 -std=gnu++11 -g -O2  -L/Users/runner/sage-local/lib -L/Users/runner/sage-local/lib -Wl,-ld_classic -Wl,-headerpad_max_install_names  -Wl,-ld_classic conftest.cpp  >&5
configure:2233: $? = 0
configure:2283: result: yes
configure:2286: checking for C++ compiler default output file name
configure:2288: result: a.out
configure:2294: checking for suffix of executables
configure:2301: g++ -std=gnu++11 -std=gnu++11 -o conftest -g -O2  -L/Users/runner/sage-local/lib -L/Users/runner/sage-local/lib -Wl,-ld_classic -Wl,-headerpad_max_install_names  -Wl,-ld_classic conftest.cpp  >&5
configure:2305: $? = 0
configure:2328: result: 
configure:2350: checking whether we are cross compiling
configure:2358: g++ -std=gnu++11 -std=gnu++11 -o conftest -g -O2  -L/Users/runner/sage-local/lib -L/Users/runner/sage-local/lib -Wl,-ld_classic -Wl,-headerpad_max_install_names  -Wl,-ld_classic conftest.cpp  >&5
configure:2362: $? = 0
configure:2369: ./conftest
configure:2373: $? = 0
configure:2388: result: no
configure:2393: checking for suffix of object files
configure:2416: g++ -std=gnu++11 -std=gnu++11 -c -g -O2  conftest.cpp >&5
configure:2420: $? = 0
configure:2442: result: o
configure:2446: checking whether the compiler supports GNU C++
configure:2466: g++ -std=gnu++11 -std=gnu++11 -c -g -O2  conftest.cpp >&5
configure:2466: $? = 0
configure:2476: result: yes
configure:2487: checking whether g++ -std=gnu++11 -std=gnu++11 accepts -g
configure:2508: g++ -std=gnu++11 -std=gnu++11 -c -g  conftest.cpp >&5
configure:2508: $? = 0
configure:2552: result: yes
configure:2572: checking for g++ -std=gnu++11 -std=gnu++11 option to enable C++11 features
configure:2587: g++ -std=gnu++11 -std=gnu++11  -c -g -O2  conftest.cpp >&5
conftest.cpp:175:25: warning: empty parentheses interpreted as a function declaration [-Wvexing-parse]
  cxx11test::delegate d2();
                        ^~
conftest.cpp:175:25: note: remove parentheses to declare a variable
  cxx11test::delegate d2();
                        ^~
1 warning generated.
configure:2587: $? = 0
configure:2605: result: none needed
configure:2692: checking for GAP root directory
configure:2709: result: /Users/runner/sage-local/lib/gap
configure:2733: checking for GAP architecture
configure:2740: result: x86_64-apple-darwin22-default64-kv9
configure:2983: creating ./config.status

## ---------------------- ##
## Running config.status. ##
## ---------------------- ##

This file was extended by ferret config.status package, which was
generated by GNU Autoconf 2.71.  Invocation command line was

  CONFIG_FILES    = 
  CONFIG_HEADERS  = 
  CONFIG_LINKS    = 
  CONFIG_COMMANDS = 
  $ ./config.status 

on Mac-1757920673742.local

config.status:724: creating Makefile
config.status:724: creating ferret.vars

## ---------------- ##
## Cache variables. ##
## ---------------- ##

ac_cv_cxx_compiler_gnu=yes
ac_cv_env_CCC_set=
ac_cv_env_CCC_value=
ac_cv_env_CPPFLAGS_set=
ac_cv_env_CPPFLAGS_value=
ac_cv_env_CXXFLAGS_set=set
ac_cv_env_CXXFLAGS_value='-g -O2'
ac_cv_env_CXX_set=set
ac_cv_env_CXX_value='g++ -std=gnu++11 -std=gnu++11'
ac_cv_env_LDFLAGS_set=set
ac_cv_env_LDFLAGS_value='-L/Users/runner/sage-local/lib -L/Users/runner/sage-local/lib -Wl,-ld_classic -Wl,-headerpad_max_install_names  -Wl,-ld_classic'
ac_cv_env_LIBS_set=
ac_cv_env_LIBS_value=
ac_cv_env_build_alias_set=
ac_cv_env_build_alias_value=
ac_cv_env_host_alias_set=
ac_cv_env_host_alias_value=
ac_cv_env_target_alias_set=
ac_cv_env_target_alias_value=
ac_cv_objext=o
ac_cv_prog_cxx_cxx11=
ac_cv_prog_cxx_g=yes
ac_cv_prog_cxx_stdcxx=

## ----------------- ##
## Output variables. ##
## ----------------- ##

CPPFLAGS=''
CXX='g++ -std=gnu++11 -std=gnu++11'
CXXFLAGS='-g -O2'
DEFS='-DPACKAGE_NAME=\"ferret\" -DPACKAGE_TARNAME=\"ferret\" -DPACKAGE_VERSION=\"package\" -DPACKAGE_STRING=\"ferret\ package\" -DPACKAGE_BUGREPORT=\"https://github.com/gap-packages/ferret/issues\" -DPACKAGE_URL=\"https://gap-packages.github.io/ferret/\"'
ECHO_C='\c'
ECHO_N=''
ECHO_T=''
EXEEXT=''
FERRET_CHECK='0'
FERRET_PRINT='0'
FERRET_TIMING=''
GAPARCH='x86_64-apple-darwin22-default64-kv9'
GAPEXEC='/Users/runner/sage-local/bin/gap'
GAPROOT='/Users/runner/sage-local/lib/gap'
GAP_CFLAGS=' -pthread -g -O2'
GAP_CPPFLAGS='-I/Users/runner/sage-local/include/gap -I/Users/runner/sage-local/include -DUSE_GASMAN=1 -I/src'
GAP_LDFLAGS=''
LDFLAGS='-L/Users/runner/sage-local/lib -L/Users/runner/sage-local/lib -Wl,-ld_classic -Wl,-headerpad_max_install_names  -Wl,-ld_classic'
LIBOBJS=''
LIBS=''
LTLIBOBJS=''
OBJEXT='o'
PACKAGE_BUGREPORT='https://github.com/gap-packages/ferret/issues'
PACKAGE_NAME='ferret'
PACKAGE_STRING='ferret package'
PACKAGE_TARNAME='ferret'
PACKAGE_URL='https://gap-packages.github.io/ferret/'
PACKAGE_VERSION='package'
PATH_SEPARATOR=':'
SHELL='/bin/sh'
ac_ct_CXX=''
bindir='${exec_prefix}/bin'
build_alias=''
datadir='${datarootdir}'
datarootdir='${prefix}/share'
docdir='${datarootdir}/doc/${PACKAGE_TARNAME}'
dvidir='${docdir}'
exec_prefix='${prefix}'
host_alias=''
htmldir='${docdir}'
includedir='${prefix}/include'
infodir='${datarootdir}/info'
libdir='${exec_prefix}/lib'
libexecdir='${exec_prefix}/libexec'
localedir='${datarootdir}/locale'
localstatedir='${prefix}/var'
mandir='${datarootdir}/man'
oldincludedir='/usr/include'
pdfdir='${docdir}'
prefix='/usr/local'
program_transform_name='s,x,x,'
psdir='${docdir}'
runstatedir='${localstatedir}/run'
sbindir='${exec_prefix}/sbin'
sharedstatedir='${prefix}/com'
sysconfdir='${prefix}/etc'
target_alias=''

## ----------- ##
## confdefs.h. ##
## ----------- ##

/* confdefs.h */
#define PACKAGE_NAME "ferret"
#define PACKAGE_TARNAME "ferret"
#define PACKAGE_VERSION "package"
#define PACKAGE_STRING "ferret package"
#define PACKAGE_BUGREPORT "https://github.com/gap-packages/ferret/issues"
#define PACKAGE_URL "https://gap-packages.github.io/ferret/"

configure: exit 0
