This file contains any messages produced by compilers while
running configure, to aid debugging if configure makes a mistake.

It was created by CddInterface configure package, which was
generated by GNU Autoconf 2.71.  Invocation command line was

  $ ./configure --with-gaproot=/Users/runner/sage-local/lib/gap/ --with-cddlib=/Users/runner/sage-local

## --------- ##
## Platform. ##
## --------- ##

hostname = Mac-1757920673742.local
uname -m = x86_64
uname -r = 22.6.0
uname -s = Darwin
uname -v = Darwin Kernel Version 22.6.0: Thu Apr 24 20:25:14 PDT 2025; root:xnu-8796.141.3.712.2~1/RELEASE_X86_64

/usr/bin/uname -p = i386
/bin/uname -X     = unknown

/bin/arch              = unknown
/usr/bin/arch -k       = unknown
/usr/convex/getsysinfo = unknown
/usr/bin/hostinfo      = Mach kernel version:
	 Darwin Kernel Version 22.6.0: Thu Apr 24 20:25:14 PDT 2025; root:xnu-8796.141.3.712.2~1/RELEASE_X86_64
Kernel configured for up to 4 processors.
4 processors are physically available.
4 processors are logically available.
Processor type: x86_64h (Intel x86-64h Haswell)
Processors active: 0 1 2 3
Primary memory available: 14.00 gigabytes
Default processor set: 449 tasks, 1311 threads, 4 processors
Load average: 11.32, Mach factor: 0.35
/bin/machine           = unknown
/usr/bin/oslevel       = unknown
/bin/universe          = unknown

PATH: /Users/runner/sage-local/libexec/ccache/
PATH: /Users/runner/work/passagemath/passagemath/build/bin/
PATH: /Users/runner/work/passagemath/passagemath/tools/
PATH: /Users/runner/sage-local/var/lib/sage/venv-python3.13/bin/
PATH: /Users/runner/sage-local/bin/
PATH: /Users/runner/sage-local/libexec/ccache/
PATH: /Users/runner/work/passagemath/passagemath/build/bin/
PATH: /Users/runner/work/passagemath/passagemath/tools/
PATH: /Users/runner/sage-local/bin/
PATH: /Users/runner/work/passagemath/passagemath/src/bin/
PATH: /Users/runner/sage-local/bin/
PATH: /Users/runner/work/passagemath/passagemath/build/bin/
PATH: /Users/runner/work/passagemath/passagemath/src/bin/
PATH: /Users/runner/sage-local/bin/
PATH: /usr/local/opt/texinfo/bin/
PATH: /usr/local/opt/bzip2/bin/
PATH: /Users/runner/work/passagemath/passagemath/prefix/bin/
PATH: /usr/local/lib/ruby/gems/3.3.0/bin/
PATH: /usr/local/opt/ruby@3.3/bin/
PATH: /usr/local/opt/pipx_bin/
PATH: /Users/runner/.cargo/bin/
PATH: /usr/local/opt/curl/bin/
PATH: /usr/local/bin/
PATH: /usr/local/sbin/
PATH: /Users/runner/bin/
PATH: /Users/runner/.yarn/bin/
PATH: /Users/runner/Library/Android/sdk/tools/
PATH: /Users/runner/Library/Android/sdk/platform-tools/
PATH: /Library/Frameworks/Python.framework/Versions/Current/bin/
PATH: /Library/Frameworks/Mono.framework/Versions/Current/Commands/
PATH: /usr/bin/
PATH: /bin/
PATH: /usr/sbin/
PATH: /sbin/
PATH: /Users/runner/.dotnet/tools/


## ----------- ##
## Core tests. ##
## ----------- ##

configure:2301: checking for gcc
configure:2333: result: gcc
configure:2686: checking for C compiler version
configure:2695: gcc --version >&5
Apple clang version 15.0.0 (clang-1500.1.0.2.5)
Target: x86_64-apple-darwin22.6.0
Thread model: posix
InstalledDir: /Applications/Xcode_15.2.app/Contents/Developer/Toolchains/XcodeDefault.xctoolchain/usr/bin
configure:2706: $? = 0
configure:2695: gcc -v >&5
Apple clang version 15.0.0 (clang-1500.1.0.2.5)
Target: x86_64-apple-darwin22.6.0
Thread model: posix
InstalledDir: /Applications/Xcode_15.2.app/Contents/Developer/Toolchains/XcodeDefault.xctoolchain/usr/bin
configure:2706: $? = 0
configure:2695: gcc -V >&5
clang: error: argument to '-V' is missing (expected 1 value)
clang: error: no input files
configure:2706: $? = 1
configure:2695: gcc -qversion >&5
clang: error: unknown argument '-qversion'; did you mean '--version'?
clang: error: no input files
configure:2706: $? = 1
configure:2695: gcc -version >&5
clang: error: unknown argument '-version'; did you mean '--version'?
clang: error: no input files
configure:2706: $? = 1
configure:2726: checking whether the C compiler works
configure:2748: gcc -g -O2 -std=gnu17 -Wno-implicit-function-declaration  -L/Users/runner/sage-local/lib -L/Users/runner/sage-local/lib -Wl,-ld_classic -Wl,-headerpad_max_install_names  -Wl,-ld_classic conftest.c  >&5
configure:2752: $? = 0
configure:2802: result: yes
configure:2805: checking for C compiler default output file name
configure:2807: result: a.out
configure:2813: checking for suffix of executables
configure:2820: gcc -o conftest -g -O2 -std=gnu17 -Wno-implicit-function-declaration  -L/Users/runner/sage-local/lib -L/Users/runner/sage-local/lib -Wl,-ld_classic -Wl,-headerpad_max_install_names  -Wl,-ld_classic conftest.c  >&5
configure:2824: $? = 0
configure:2847: result: 
configure:2869: checking whether we are cross compiling
configure:2877: gcc -o conftest -g -O2 -std=gnu17 -Wno-implicit-function-declaration  -L/Users/runner/sage-local/lib -L/Users/runner/sage-local/lib -Wl,-ld_classic -Wl,-headerpad_max_install_names  -Wl,-ld_classic conftest.c  >&5
configure:2881: $? = 0
configure:2888: ./conftest
configure:2892: $? = 0
configure:2907: result: no
configure:2912: checking for suffix of object files
configure:2935: gcc -c -g -O2 -std=gnu17 -Wno-implicit-function-declaration  conftest.c >&5
configure:2939: $? = 0
configure:2961: result: o
configure:2965: checking whether the compiler supports GNU C
configure:2985: gcc -c -g -O2 -std=gnu17 -Wno-implicit-function-declaration  conftest.c >&5
configure:2985: $? = 0
configure:2995: result: yes
configure:3006: checking whether gcc accepts -g
configure:3027: gcc -c -g  conftest.c >&5
configure:3027: $? = 0
configure:3071: result: yes
configure:3091: checking for gcc option to enable C11 features
configure:3106: gcc  -c -g -O2 -std=gnu17 -Wno-implicit-function-declaration  conftest.c >&5
conftest.c:23:14: warning: a function definition without a prototype is deprecated in all versions of C and is not supported in C2x [-Wdeprecated-non-prototype]
static char *e (p, i)
             ^
1 warning generated.
configure:3106: $? = 0
configure:3124: result: none needed
configure:3257: checking for GAP root directory
configure:3274: result: /Users/runner/sage-local/lib/gap
configure:3298: checking for GAP architecture
configure:3305: result: x86_64-apple-darwin22-default64-kv9
configure:3418: checking for stdio.h
configure:3418: gcc -c -g -O2 -std=gnu17 -Wno-implicit-function-declaration  -I/Users/runner/sage-local/include/cdd -I/Users/runner/sage-local/include/cddlib -I/Users/runner/sage-local/include conftest.c >&5
configure:3418: $? = 0
configure:3418: result: yes
configure:3418: checking for stdlib.h
configure:3418: gcc -c -g -O2 -std=gnu17 -Wno-implicit-function-declaration  -I/Users/runner/sage-local/include/cdd -I/Users/runner/sage-local/include/cddlib -I/Users/runner/sage-local/include conftest.c >&5
configure:3418: $? = 0
configure:3418: result: yes
configure:3418: checking for string.h
configure:3418: gcc -c -g -O2 -std=gnu17 -Wno-implicit-function-declaration  -I/Users/runner/sage-local/include/cdd -I/Users/runner/sage-local/include/cddlib -I/Users/runner/sage-local/include conftest.c >&5
configure:3418: $? = 0
configure:3418: result: yes
configure:3418: checking for inttypes.h
configure:3418: gcc -c -g -O2 -std=gnu17 -Wno-implicit-function-declaration  -I/Users/runner/sage-local/include/cdd -I/Users/runner/sage-local/include/cddlib -I/Users/runner/sage-local/include conftest.c >&5
configure:3418: $? = 0
configure:3418: result: yes
configure:3418: checking for stdint.h
configure:3418: gcc -c -g -O2 -std=gnu17 -Wno-implicit-function-declaration  -I/Users/runner/sage-local/include/cdd -I/Users/runner/sage-local/include/cddlib -I/Users/runner/sage-local/include conftest.c >&5
configure:3418: $? = 0
configure:3418: result: yes
configure:3418: checking for strings.h
configure:3418: gcc -c -g -O2 -std=gnu17 -Wno-implicit-function-declaration  -I/Users/runner/sage-local/include/cdd -I/Users/runner/sage-local/include/cddlib -I/Users/runner/sage-local/include conftest.c >&5
configure:3418: $? = 0
configure:3418: result: yes
configure:3418: checking for sys/stat.h
configure:3418: gcc -c -g -O2 -std=gnu17 -Wno-implicit-function-declaration  -I/Users/runner/sage-local/include/cdd -I/Users/runner/sage-local/include/cddlib -I/Users/runner/sage-local/include conftest.c >&5
configure:3418: $? = 0
configure:3418: result: yes
configure:3418: checking for sys/types.h
configure:3418: gcc -c -g -O2 -std=gnu17 -Wno-implicit-function-declaration  -I/Users/runner/sage-local/include/cdd -I/Users/runner/sage-local/include/cddlib -I/Users/runner/sage-local/include conftest.c >&5
configure:3418: $? = 0
configure:3418: result: yes
configure:3418: checking for unistd.h
configure:3418: gcc -c -g -O2 -std=gnu17 -Wno-implicit-function-declaration  -I/Users/runner/sage-local/include/cdd -I/Users/runner/sage-local/include/cddlib -I/Users/runner/sage-local/include conftest.c >&5
configure:3418: $? = 0
configure:3418: result: yes
configure:3443: checking for cddlib/setoper.h
configure:3443: gcc -c -g -O2 -std=gnu17 -Wno-implicit-function-declaration  -I/Users/runner/sage-local/include/cdd -I/Users/runner/sage-local/include/cddlib -I/Users/runner/sage-local/include conftest.c >&5
configure:3443: $? = 0
configure:3443: result: yes
configure:3463: checking for dd_SetLinearity in -lcddgmp
configure:3486: gcc -o conftest -g -O2 -std=gnu17 -Wno-implicit-function-declaration  -I/Users/runner/sage-local/include/cdd -I/Users/runner/sage-local/include/cddlib -I/Users/runner/sage-local/include -L/Users/runner/sage-local/lib -L/Users/runner/sage-local/lib -Wl,-ld_classic -Wl,-headerpad_max_install_names  -Wl,-ld_classic -L/Users/runner/sage-local/lib -lcddgmp -lgmp conftest.c -lcddgmp   >&5
configure:3486: $? = 0
configure:3496: result: yes
configure:3626: creating ./config.status

## ---------------------- ##
## Running config.status. ##
## ---------------------- ##

This file was extended by CddInterface config.status package, which was
generated by GNU Autoconf 2.71.  Invocation command line was

  CONFIG_FILES    = 
  CONFIG_HEADERS  = 
  CONFIG_LINKS    = 
  CONFIG_COMMANDS = 
  $ ./config.status 

on Mac-1757920673742.local

config.status:798: creating Makefile
config.status:798: creating src/config.h

## ---------------- ##
## Cache variables. ##
## ---------------- ##

ac_cv_c_compiler_gnu=yes
ac_cv_env_CC_set=set
ac_cv_env_CC_value=gcc
ac_cv_env_CFLAGS_set=set
ac_cv_env_CFLAGS_value='-g -O2 -std=gnu17 -Wno-implicit-function-declaration'
ac_cv_env_CPPFLAGS_set=
ac_cv_env_CPPFLAGS_value=
ac_cv_env_LDFLAGS_set=set
ac_cv_env_LDFLAGS_value='-L/Users/runner/sage-local/lib -L/Users/runner/sage-local/lib -Wl,-ld_classic -Wl,-headerpad_max_install_names  -Wl,-ld_classic'
ac_cv_env_LIBS_set=
ac_cv_env_LIBS_value=
ac_cv_env_build_alias_set=
ac_cv_env_build_alias_value=
ac_cv_env_host_alias_set=
ac_cv_env_host_alias_value=
ac_cv_env_target_alias_set=
ac_cv_env_target_alias_value=
ac_cv_header_cddlib_setoper_h=yes
ac_cv_header_inttypes_h=yes
ac_cv_header_stdint_h=yes
ac_cv_header_stdio_h=yes
ac_cv_header_stdlib_h=yes
ac_cv_header_string_h=yes
ac_cv_header_strings_h=yes
ac_cv_header_sys_stat_h=yes
ac_cv_header_sys_types_h=yes
ac_cv_header_unistd_h=yes
ac_cv_lib_cddgmp_dd_SetLinearity=yes
ac_cv_objext=o
ac_cv_prog_ac_ct_CC=gcc
ac_cv_prog_cc_c11=
ac_cv_prog_cc_g=yes
ac_cv_prog_cc_stdc=

## ----------------- ##
## Output variables. ##
## ----------------- ##

CC='gcc'
CDD_CPPFLAGS='-I/Users/runner/sage-local/include/cdd -I/Users/runner/sage-local/include/cddlib -I/Users/runner/sage-local/include'
CDD_LDFLAGS='-L/Users/runner/sage-local/lib -lcddgmp -lgmp'
CFLAGS='-g -O2 -std=gnu17 -Wno-implicit-function-declaration'
CPPFLAGS=''
DEFS='-DHAVE_CONFIG_H'
ECHO_C='\c'
ECHO_N=''
ECHO_T=''
EXEEXT=''
GAPARCH='x86_64-apple-darwin22-default64-kv9'
GAPROOT='/Users/runner/sage-local/lib/gap'
GAP_CFLAGS=' -pthread -g -O2'
GAP_CPPFLAGS='-I/Users/runner/sage-local/include/gap -I/Users/runner/sage-local/include -DUSE_GASMAN=1 -I/src'
GAP_LDFLAGS=''
GAP_LIBS=''
LDFLAGS='-L/Users/runner/sage-local/lib -L/Users/runner/sage-local/lib -Wl,-ld_classic -Wl,-headerpad_max_install_names  -Wl,-ld_classic'
LIBOBJS=''
LIBS='-lcddgmp '
LTLIBOBJS=''
OBJEXT='o'
PACKAGE_BUGREPORT=''
PACKAGE_NAME='CddInterface'
PACKAGE_STRING='CddInterface package'
PACKAGE_TARNAME='cddinterface'
PACKAGE_URL=''
PACKAGE_VERSION='package'
PATH_SEPARATOR=':'
SHELL='/bin/sh'
ac_ct_CC='gcc'
bindir='${exec_prefix}/bin'
build_alias=''
datadir='${datarootdir}'
datarootdir='${prefix}/share'
docdir='${datarootdir}/doc/${PACKAGE_TARNAME}'
dvidir='${docdir}'
exec_prefix='${prefix}'
host_alias=''
htmldir='${docdir}'
includedir='${prefix}/include'
infodir='${datarootdir}/info'
libdir='${exec_prefix}/lib'
libexecdir='${exec_prefix}/libexec'
localedir='${datarootdir}/locale'
localstatedir='${prefix}/var'
mandir='${datarootdir}/man'
oldincludedir='/usr/include'
pdfdir='${docdir}'
prefix='/usr/local'
program_transform_name='s,x,x,'
psdir='${docdir}'
runstatedir='${localstatedir}/run'
sbindir='${exec_prefix}/sbin'
sharedstatedir='${prefix}/com'
sysconfdir='${prefix}/etc'
target_alias=''

## ----------- ##
## confdefs.h. ##
## ----------- ##

/* confdefs.h */
#define PACKAGE_NAME "CddInterface"
#define PACKAGE_TARNAME "cddinterface"
#define PACKAGE_VERSION "package"
#define PACKAGE_STRING "CddInterface package"
#define PACKAGE_BUGREPORT ""
#define PACKAGE_URL ""
#define HAVE_STDIO_H 1
#define HAVE_STDLIB_H 1
#define HAVE_STRING_H 1
#define HAVE_INTTYPES_H 1
#define HAVE_STDINT_H 1
#define HAVE_STRINGS_H 1
#define HAVE_SYS_STAT_H 1
#define HAVE_SYS_TYPES_H 1
#define HAVE_UNISTD_H 1
#define STDC_HEADERS 1
#define HAVE_CDDLIB_SETOPER_H 1
#define HAVE_LIBCDDGMP 1

configure: exit 0
