This file contains any messages produced by compilers while
running configure, to aid debugging if configure makes a mistake.

It was created by ANU p-Quotient Program configure package, which was
generated by GNU Autoconf 2.72.  Invocation command line was

  $ ./configure --with-gaproot=/host/sage-musllinux_1_2_x86_64/lib/gap/

## --------- ##
## Platform. ##
## --------- ##

hostname = 1f89389fd4a9
uname -m = x86_64
uname -r = 6.11.0-1018-azure
uname -s = Linux
uname -v = #18~24.04.1-Ubuntu SMP Sat Jun 28 04:46:03 UTC 2025

/usr/bin/uname -p = unknown
/bin/uname -X     = unknown

/bin/arch              = x86_64
/usr/bin/arch -k       = unknown
/usr/convex/getsysinfo = unknown
/usr/bin/hostinfo      = unknown
/bin/machine           = unknown
/usr/bin/oslevel       = unknown
/bin/universe          = unknown

PATH: /host/sage-musllinux_1_2_x86_64/libexec/ccache/
PATH: /project/build/bin/
PATH: /project/tools/
PATH: /host/sage-musllinux_1_2_x86_64/var/lib/sage/venv-python3.9/bin/
PATH: /host/sage-musllinux_1_2_x86_64/bin/
PATH: /host/sage-musllinux_1_2_x86_64/libexec/ccache/
PATH: /project/build/bin/
PATH: /project/tools/
PATH: /host/sage-musllinux_1_2_x86_64/bin/
PATH: /project/src/bin/
PATH: /host/sage-musllinux_1_2_x86_64/bin/
PATH: /project/build/bin/
PATH: /project/src/bin/
PATH: /host/sage-musllinux_1_2_x86_64/bin/
PATH: /project/prefix/bin/
PATH: /opt/python/cp39-cp39/bin/
PATH: /usr/local/sbin/
PATH: /usr/local/bin/
PATH: /usr/sbin/
PATH: /usr/bin/
PATH: /sbin/
PATH: /bin/


## ----------- ##
## Core tests. ##
## ----------- ##

configure:2325: looking for aux files: compile missing install-sh
configure:2338:  trying ./cnf/
configure:2367:   ./cnf/compile found
configure:2367:   ./cnf/missing found
configure:2349:   ./cnf/install-sh found
configure:2502: checking for a BSD-compatible install
configure:2576: result: /usr/bin/install -c
configure:2587: checking whether build environment is sane
configure:2642: result: yes
configure:2803: checking for a race-free mkdir -p
configure:2846: result: /bin/mkdir -p
configure:2853: checking for gawk
configure:2889: result: no
configure:2853: checking for mawk
configure:2889: result: no
configure:2853: checking for nawk
configure:2889: result: no
configure:2853: checking for awk
configure:2874: found /usr/bin/awk
configure:2886: result: awk
configure:2897: checking whether make sets $(MAKE)
configure:2921: result: yes
configure:2951: checking whether make supports nested variables
configure:2970: result: yes
configure:3118: checking whether make supports nested variables
configure:3137: result: yes
configure:3150: checking whether to enable maintainer-specific portions of Makefiles
configure:3161: result: no
configure:3186: checking for gawk
configure:3219: result: awk
configure:3293: checking for gcc
configure:3326: result: gcc
configure:3685: checking for C compiler version
configure:3694: gcc --version >&5
gcc (Alpine 14.2.0) 14.2.0
Copyright (C) 2024 Free Software Foundation, Inc.
This is free software; see the source for copying conditions.  There is NO
warranty; not even for MERCHANTABILITY or FITNESS FOR A PARTICULAR PURPOSE.

configure:3705: $? = 0
configure:3694: gcc -v >&5
Using built-in specs.
COLLECT_GCC=/usr/bin/gcc
COLLECT_LTO_WRAPPER=/usr/libexec/gcc/x86_64-alpine-linux-musl/14.2.0/lto-wrapper
Target: x86_64-alpine-linux-musl
Configured with: /home/buildozer/aports/main/gcc/src/gcc-14.2.0/configure --prefix=/usr --mandir=/usr/share/man --infodir=/usr/share/info --build=x86_64-alpine-linux-musl --host=x86_64-alpine-linux-musl --target=x86_64-alpine-linux-musl --enable-checking=release --disable-cet --disable-fixed-point --disable-libstdcxx-pch --disable-multilib --disable-nls --disable-werror --disable-symvers --enable-__cxa_atexit --enable-default-pie --enable-default-ssp --enable-languages=c,c++,d,objc,go,fortran,ada --enable-link-serialization=2 --enable-linker-build-id --disable-libssp --disable-libsanitizer --enable-shared --enable-threads --enable-tls --with-bugurl=https://gitlab.alpinelinux.org/alpine/aports/-/issues --with-system-zlib --with-linker-hash-style=gnu --with-pkgversion='Alpine 14.2.0'
Thread model: posix
Supported LTO compression algorithms: zlib
gcc version 14.2.0 (Alpine 14.2.0) 
configure:3705: $? = 0
configure:3694: gcc -V >&5
gcc: error: unrecognized command-line option '-V'
gcc: fatal error: no input files
compilation terminated.
configure:3705: $? = 1
configure:3694: gcc -qversion >&5
gcc: error: unrecognized command-line option '-qversion'; did you mean '--version'?
gcc: fatal error: no input files
compilation terminated.
configure:3705: $? = 1
configure:3694: gcc -version >&5
gcc: error: unrecognized command-line option '-version'
gcc: fatal error: no input files
compilation terminated.
configure:3705: $? = 1
configure:3725: checking whether the C compiler works
configure:3747: gcc -g -O2 -std=gnu17 -Wno-implicit-function-declaration  -Wl,-rpath-link,/host/sage-musllinux_1_2_x86_64/lib -L/host/sage-musllinux_1_2_x86_64/lib -Wl,-rpath,/host/sage-musllinux_1_2_x86_64/lib -Wl,-rpath-link,/host/sage-musllinux_1_2_x86_64/lib -L/host/sage-musllinux_1_2_x86_64/lib -Wl,-rpath,/host/sage-musllinux_1_2_x86_64/lib  conftest.c  >&5
configure:3751: $? = 0
configure:3802: result: yes
configure:3806: checking for C compiler default output file name
configure:3808: result: a.out
configure:3814: checking for suffix of executables
configure:3821: gcc -o conftest -g -O2 -std=gnu17 -Wno-implicit-function-declaration  -Wl,-rpath-link,/host/sage-musllinux_1_2_x86_64/lib -L/host/sage-musllinux_1_2_x86_64/lib -Wl,-rpath,/host/sage-musllinux_1_2_x86_64/lib -Wl,-rpath-link,/host/sage-musllinux_1_2_x86_64/lib -L/host/sage-musllinux_1_2_x86_64/lib -Wl,-rpath,/host/sage-musllinux_1_2_x86_64/lib  conftest.c  >&5
configure:3825: $? = 0
configure:3849: result: 
configure:3873: checking whether we are cross compiling
configure:3881: gcc -o conftest -g -O2 -std=gnu17 -Wno-implicit-function-declaration  -Wl,-rpath-link,/host/sage-musllinux_1_2_x86_64/lib -L/host/sage-musllinux_1_2_x86_64/lib -Wl,-rpath,/host/sage-musllinux_1_2_x86_64/lib -Wl,-rpath-link,/host/sage-musllinux_1_2_x86_64/lib -L/host/sage-musllinux_1_2_x86_64/lib -Wl,-rpath,/host/sage-musllinux_1_2_x86_64/lib  conftest.c  >&5
configure:3885: $? = 0
configure:3892: ./conftest
configure:3896: $? = 0
configure:3911: result: no
configure:3917: checking for suffix of object files
configure:3940: gcc -c -g -O2 -std=gnu17 -Wno-implicit-function-declaration  conftest.c >&5
configure:3944: $? = 0
configure:3968: result: o
configure:3972: checking whether the compiler supports GNU C
configure:3992: gcc -c -g -O2 -std=gnu17 -Wno-implicit-function-declaration  conftest.c >&5
configure:3992: $? = 0
configure:4004: result: yes
configure:4015: checking whether gcc accepts -g
configure:4036: gcc -c -g  conftest.c >&5
configure:4036: $? = 0
configure:4083: result: yes
configure:4103: checking for gcc option to enable C11 features
configure:4118: gcc  -c -g -O2 -std=gnu17 -Wno-implicit-function-declaration  conftest.c >&5
configure:4118: $? = 0
configure:4137: result: none needed
configure:4261: checking whether gcc understands -c and -o together
configure:4284: gcc -c conftest.c -o conftest2.o
configure:4287: $? = 0
configure:4284: gcc -c conftest.c -o conftest2.o
configure:4287: $? = 0
configure:4300: result: yes
configure:4320: checking whether make supports the include directive
configure:4335: make -f confmf.GNU && cat confinc.out
make[3]: Entering directory '/host/sage-musllinux_1_2_x86_64/var/tmp/sage/build/gap_packages-4.14.0.p0/src/pkg/anupq'
make[3]: Leaving directory '/host/sage-musllinux_1_2_x86_64/var/tmp/sage/build/gap_packages-4.14.0.p0/src/pkg/anupq'
this is the am__doit target
configure:4338: $? = 0
configure:4357: result: yes (GNU style)
configure:4383: checking dependency style of gcc
configure:4496: result: gcc3
configure:4511: checking whether make sets $(MAKE)
configure:4535: result: yes
configure:4545: checking for a sed that does not truncate output
configure:4617: result: /bin/sed
configure:4639: checking for GAP root directory
configure:4656: result: /host/sage-musllinux_1_2_x86_64/lib/gap
configure:4680: checking for GAP architecture
configure:4687: result: x86_64-pc-linux-musl-default64-kv9
configure:4790: checking for stdio.h
configure:4790: gcc -c -g -O2 -std=gnu17 -Wno-implicit-function-declaration   conftest.c >&5
configure:4790: $? = 0
configure:4790: result: yes
configure:4790: checking for stdlib.h
configure:4790: gcc -c -g -O2 -std=gnu17 -Wno-implicit-function-declaration   conftest.c >&5
configure:4790: $? = 0
configure:4790: result: yes
configure:4790: checking for string.h
configure:4790: gcc -c -g -O2 -std=gnu17 -Wno-implicit-function-declaration   conftest.c >&5
configure:4790: $? = 0
configure:4790: result: yes
configure:4790: checking for inttypes.h
configure:4790: gcc -c -g -O2 -std=gnu17 -Wno-implicit-function-declaration   conftest.c >&5
configure:4790: $? = 0
configure:4790: result: yes
configure:4790: checking for stdint.h
configure:4790: gcc -c -g -O2 -std=gnu17 -Wno-implicit-function-declaration   conftest.c >&5
configure:4790: $? = 0
configure:4790: result: yes
configure:4790: checking for strings.h
configure:4790: gcc -c -g -O2 -std=gnu17 -Wno-implicit-function-declaration   conftest.c >&5
configure:4790: $? = 0
configure:4790: result: yes
configure:4790: checking for sys/stat.h
configure:4790: gcc -c -g -O2 -std=gnu17 -Wno-implicit-function-declaration   conftest.c >&5
configure:4790: $? = 0
configure:4790: result: yes
configure:4790: checking for sys/types.h
configure:4790: gcc -c -g -O2 -std=gnu17 -Wno-implicit-function-declaration   conftest.c >&5
configure:4790: $? = 0
configure:4790: result: yes
configure:4790: checking for unistd.h
configure:4790: gcc -c -g -O2 -std=gnu17 -Wno-implicit-function-declaration   conftest.c >&5
configure:4790: $? = 0
configure:4790: result: yes
configure:4815: checking for gmp.h
configure:4815: gcc -c -g -O2 -std=gnu17 -Wno-implicit-function-declaration   conftest.c >&5
configure:4815: $? = 0
configure:4815: result: yes
configure:4822: checking whether linking against GMP works
configure:4835: gcc -o conftest -g -O2 -std=gnu17 -Wno-implicit-function-declaration   -Wl,-rpath-link,/host/sage-musllinux_1_2_x86_64/lib -L/host/sage-musllinux_1_2_x86_64/lib -Wl,-rpath,/host/sage-musllinux_1_2_x86_64/lib -Wl,-rpath-link,/host/sage-musllinux_1_2_x86_64/lib -L/host/sage-musllinux_1_2_x86_64/lib -Wl,-rpath,/host/sage-musllinux_1_2_x86_64/lib   conftest.c  -lgmp >&5
configure:4835: $? = 0
configure:4841: result: yes
configure:4860: checking for sys/wait.h that is POSIX.1 compatible
configure:4887: gcc -c -g -O2 -std=gnu17 -Wno-implicit-function-declaration  conftest.c >&5
configure:4887: $? = 0
configure:4897: result: yes
configure:4905: checking for gethostname
configure:4905: gcc -o conftest -g -O2 -std=gnu17 -Wno-implicit-function-declaration  -Wl,-rpath-link,/host/sage-musllinux_1_2_x86_64/lib -L/host/sage-musllinux_1_2_x86_64/lib -Wl,-rpath,/host/sage-musllinux_1_2_x86_64/lib -Wl,-rpath-link,/host/sage-musllinux_1_2_x86_64/lib -L/host/sage-musllinux_1_2_x86_64/lib -Wl,-rpath,/host/sage-musllinux_1_2_x86_64/lib  conftest.c  >&5
configure:4905: $? = 0
configure:4905: result: yes
configure:4911: checking for strftime
configure:4911: gcc -o conftest -g -O2 -std=gnu17 -Wno-implicit-function-declaration  -Wl,-rpath-link,/host/sage-musllinux_1_2_x86_64/lib -L/host/sage-musllinux_1_2_x86_64/lib -Wl,-rpath,/host/sage-musllinux_1_2_x86_64/lib -Wl,-rpath-link,/host/sage-musllinux_1_2_x86_64/lib -L/host/sage-musllinux_1_2_x86_64/lib -Wl,-rpath,/host/sage-musllinux_1_2_x86_64/lib  conftest.c  >&5
conftest.c:39:6: warning: conflicting types for built-in function 'strftime'; expected 'long unsigned int(char *, long unsigned int,  const char *, const void *)' [-Wbuiltin-declaration-mismatch]
   39 | char strftime (void);
      |      ^~~~~~~~
conftest.c:31:1: note: 'strftime' is declared in header '<time.h>'
   30 | #include <limits.h>
   31 | #undef strftime
configure:4911: $? = 0
configure:4911: result: yes
configure:4919: checking for library containing log10
configure:4955: gcc -o conftest -g -O2 -std=gnu17 -Wno-implicit-function-declaration  -Wl,-rpath-link,/host/sage-musllinux_1_2_x86_64/lib -L/host/sage-musllinux_1_2_x86_64/lib -Wl,-rpath,/host/sage-musllinux_1_2_x86_64/lib -Wl,-rpath-link,/host/sage-musllinux_1_2_x86_64/lib -L/host/sage-musllinux_1_2_x86_64/lib -Wl,-rpath,/host/sage-musllinux_1_2_x86_64/lib  conftest.c  >&5
conftest.c:34:6: warning: conflicting types for built-in function 'log10'; expected 'double(double)' [-Wbuiltin-declaration-mismatch]
   34 | char log10 (void);
      |      ^~~~~
conftest.c:1:1: note: 'log10' is declared in header '<math.h>'
    1 | /* confdefs.h */
configure:4955: $? = 0
configure:4977: result: none required
configure:5111: checking that generated files are newer than configure
configure:5117: result: done
configure:5144: creating ./config.status

## ---------------------- ##
## Running config.status. ##
## ---------------------- ##

This file was extended by ANU p-Quotient Program config.status package, which was
generated by GNU Autoconf 2.72.  Invocation command line was

  CONFIG_FILES    = 
  CONFIG_HEADERS  = 
  CONFIG_LINKS    = 
  CONFIG_COMMANDS = 
  $ ./config.status 

on 1f89389fd4a9

config.status:869: creating Makefile
config.status:869: creating testPq
config.status:869: creating include/config.h
config.status:1098: executing depfiles commands
config.status:1173: cd .       && sed -e '/# am--include-marker/d' Makefile         | make -f - am--depfiles
make[3]: Entering directory '/host/sage-musllinux_1_2_x86_64/var/tmp/sage/build/gap_packages-4.14.0.p0/src/pkg/anupq'
make[3]: Leaving directory '/host/sage-musllinux_1_2_x86_64/var/tmp/sage/build/gap_packages-4.14.0.p0/src/pkg/anupq'
config.status:1180: $? = 0

## ---------------- ##
## Cache variables. ##
## ---------------- ##

ac_cv_c_compiler_gnu='yes'
ac_cv_env_CC_set='set'
ac_cv_env_CC_value='gcc'
ac_cv_env_CFLAGS_set='set'
ac_cv_env_CFLAGS_value='-g -O2 -std=gnu17 -Wno-implicit-function-declaration'
ac_cv_env_CPPFLAGS_set=''
ac_cv_env_CPPFLAGS_value=''
ac_cv_env_LDFLAGS_set='set'
ac_cv_env_LDFLAGS_value='-Wl,-rpath-link,/host/sage-musllinux_1_2_x86_64/lib -L/host/sage-musllinux_1_2_x86_64/lib -Wl,-rpath,/host/sage-musllinux_1_2_x86_64/lib -Wl,-rpath-link,/host/sage-musllinux_1_2_x86_64/lib -L/host/sage-musllinux_1_2_x86_64/lib -Wl,-rpath,/host/sage-musllinux_1_2_x86_64/lib '
ac_cv_env_LIBS_set=''
ac_cv_env_LIBS_value=''
ac_cv_env_build_alias_set=''
ac_cv_env_build_alias_value=''
ac_cv_env_host_alias_set=''
ac_cv_env_host_alias_value=''
ac_cv_env_target_alias_set=''
ac_cv_env_target_alias_value=''
ac_cv_func_gethostname='yes'
ac_cv_func_strftime='yes'
ac_cv_header_gmp_h='yes'
ac_cv_header_inttypes_h='yes'
ac_cv_header_stdint_h='yes'
ac_cv_header_stdio_h='yes'
ac_cv_header_stdlib_h='yes'
ac_cv_header_string_h='yes'
ac_cv_header_strings_h='yes'
ac_cv_header_sys_stat_h='yes'
ac_cv_header_sys_types_h='yes'
ac_cv_header_sys_wait_h='yes'
ac_cv_header_unistd_h='yes'
ac_cv_objext='o'
ac_cv_path_SED='/bin/sed'
ac_cv_path_install='/usr/bin/install -c'
ac_cv_path_mkdir='/bin/mkdir'
ac_cv_prog_AWK='awk'
ac_cv_prog_ac_ct_CC='gcc'
ac_cv_prog_cc_c11=''
ac_cv_prog_cc_g='yes'
ac_cv_prog_cc_stdc=''
ac_cv_prog_make_make_set='yes'
ac_cv_search_log10='none required'
am_cv_CC_dependencies_compiler_type='gcc3'
am_cv_make_support_nested_variables='yes'
am_cv_prog_cc_c_o='yes'

## ----------------- ##
## Output variables. ##
## ----------------- ##

ACLOCAL='${SHELL} '\''/host/sage-musllinux_1_2_x86_64/var/tmp/sage/build/gap_packages-4.14.0.p0/src/pkg/anupq/cnf/missing'\'' aclocal-1.16'
AMDEPBACKSLASH='\'
AMDEP_FALSE='#'
AMDEP_TRUE=''
AMTAR='$${TAR-tar}'
AM_BACKSLASH='\'
AM_DEFAULT_V='$(AM_DEFAULT_VERBOSITY)'
AM_DEFAULT_VERBOSITY='0'
AM_V='$(V)'
AUTOCONF='${SHELL} '\''/host/sage-musllinux_1_2_x86_64/var/tmp/sage/build/gap_packages-4.14.0.p0/src/pkg/anupq/cnf/missing'\'' autoconf'
AUTOHEADER='${SHELL} '\''/host/sage-musllinux_1_2_x86_64/var/tmp/sage/build/gap_packages-4.14.0.p0/src/pkg/anupq/cnf/missing'\'' autoheader'
AUTOMAKE='${SHELL} '\''/host/sage-musllinux_1_2_x86_64/var/tmp/sage/build/gap_packages-4.14.0.p0/src/pkg/anupq/cnf/missing'\'' automake-1.16'
AWK='awk'
CC='gcc'
CCDEPMODE='depmode=gcc3'
CFLAGS='-g -O2 -std=gnu17 -Wno-implicit-function-declaration'
CPPFLAGS=''
CSCOPE='cscope'
CTAGS='ctags'
CYGPATH_W='echo'
DEFS='-DHAVE_CONFIG_H'
DEPDIR='.deps'
ECHO_C=''
ECHO_N='-n'
ECHO_T=''
ETAGS='etags'
EXEEXT=''
GAP='/host/sage-musllinux_1_2_x86_64/bin/gap'
GAPARCH='x86_64-pc-linux-musl-default64-kv9'
GAPROOT='/host/sage-musllinux_1_2_x86_64/lib/gap'
GAP_CFLAGS=' -pthread -g -O2'
GAP_CPPFLAGS='-I/host/sage-musllinux_1_2_x86_64/include/gap -I/host/sage-musllinux_1_2_x86_64/include -DUSE_GASMAN=1 -I/src'
GAP_EXEC='/host/sage-musllinux_1_2_x86_64/bin/gap'
GAP_LDFLAGS=''
GMP_CPPFLAGS=''
GMP_LDFLAGS=''
GMP_LIBS='-lgmp'
INSTALL_DATA='${INSTALL} -m 644'
INSTALL_PROGRAM='${INSTALL}'
INSTALL_SCRIPT='${INSTALL}'
INSTALL_STRIP_PROGRAM='$(install_sh) -c -s'
LDFLAGS='-Wl,-rpath-link,/host/sage-musllinux_1_2_x86_64/lib -L/host/sage-musllinux_1_2_x86_64/lib -Wl,-rpath,/host/sage-musllinux_1_2_x86_64/lib -Wl,-rpath-link,/host/sage-musllinux_1_2_x86_64/lib -L/host/sage-musllinux_1_2_x86_64/lib -Wl,-rpath,/host/sage-musllinux_1_2_x86_64/lib '
LIBOBJS=''
LIBS=''
LTLIBOBJS=''
MAINT='#'
MAINTAINER_MODE_FALSE=''
MAINTAINER_MODE_TRUE='#'
MAKEINFO='${SHELL} '\''/host/sage-musllinux_1_2_x86_64/var/tmp/sage/build/gap_packages-4.14.0.p0/src/pkg/anupq/cnf/missing'\'' makeinfo'
MKDIR_P='/bin/mkdir -p'
OBJEXT='o'
PACKAGE='anupq'
PACKAGE_BUGREPORT='https://github.com/gap-packages/anupq/issues'
PACKAGE_NAME='ANU p-Quotient Program'
PACKAGE_STRING='ANU p-Quotient Program package'
PACKAGE_TARNAME='anupq'
PACKAGE_URL='https://gap-packages.github.io/anupq/'
PACKAGE_VERSION='package'
PATH_SEPARATOR=':'
SED='/bin/sed'
SET_MAKE=''
SHELL='/bin/sh'
STRIP=''
VERSION='package'
ac_ct_CC='gcc'
am__EXEEXT_FALSE=''
am__EXEEXT_TRUE='#'
am__fastdepCC_FALSE='#'
am__fastdepCC_TRUE=''
am__include='include'
am__isrc=''
am__leading_dot='.'
am__nodep='_no'
am__quote=''
am__tar='$${TAR-tar} chof - "$$tardir"'
am__untar='$${TAR-tar} xf -'
bindir='${exec_prefix}/bin'
build_alias=''
datadir='${datarootdir}'
datarootdir='${prefix}/share'
docdir='${datarootdir}/doc/${PACKAGE_TARNAME}'
dvidir='${docdir}'
exec_prefix='${prefix}'
host_alias=''
htmldir='${docdir}'
includedir='${prefix}/include'
infodir='${datarootdir}/info'
install_sh='${SHELL} /host/sage-musllinux_1_2_x86_64/var/tmp/sage/build/gap_packages-4.14.0.p0/src/pkg/anupq/cnf/install-sh'
libdir='${exec_prefix}/lib'
libexecdir='${exec_prefix}/libexec'
localedir='${datarootdir}/locale'
localstatedir='${prefix}/var'
mandir='${datarootdir}/man'
mkdir_p='$(MKDIR_P)'
oldincludedir='/usr/include'
pdfdir='${docdir}'
prefix='/usr/local'
program_transform_name='s,x,x,'
psdir='${docdir}'
runstatedir='${localstatedir}/run'
sbindir='${exec_prefix}/sbin'
sharedstatedir='${prefix}/com'
sysconfdir='${prefix}/etc'
target_alias=''

## ----------- ##
## confdefs.h. ##
## ----------- ##

/* confdefs.h */
#define PACKAGE_NAME "ANU p-Quotient Program"
#define PACKAGE_TARNAME "anupq"
#define PACKAGE_VERSION "package"
#define PACKAGE_STRING "ANU p-Quotient Program package"
#define PACKAGE_BUGREPORT "https://github.com/gap-packages/anupq/issues"
#define PACKAGE_URL "https://gap-packages.github.io/anupq/"
#define PACKAGE "anupq"
#define VERSION "package"
#define HAVE_STDIO_H 1
#define HAVE_STDLIB_H 1
#define HAVE_STRING_H 1
#define HAVE_INTTYPES_H 1
#define HAVE_STDINT_H 1
#define HAVE_STRINGS_H 1
#define HAVE_SYS_STAT_H 1
#define HAVE_SYS_TYPES_H 1
#define HAVE_UNISTD_H 1
#define STDC_HEADERS 1
#define HAVE_SYS_WAIT_H 1
#define HAVE_GETHOSTNAME 1
#define HAVE_STRFTIME 1

configure: exit 0
