This file contains any messages produced by compilers while
running configure, to aid debugging if configure makes a mistake.

It was created by ferret configure package, which was
generated by GNU Autoconf 2.71.  Invocation command line was

  $ ./configure --with-gaproot=/host/sage-musllinux_1_2_aarch64/lib/gap/

## --------- ##
## Platform. ##
## --------- ##

hostname = 294d51a98ddc
uname -m = aarch64
uname -r = 6.11.0-1015-azure
uname -s = Linux
uname -v = #15~24.04.1-Ubuntu SMP Thu May  1 03:01:44 UTC 2025

/usr/bin/uname -p = unknown
/bin/uname -X     = unknown

/bin/arch              = aarch64
/usr/bin/arch -k       = unknown
/usr/convex/getsysinfo = unknown
/usr/bin/hostinfo      = unknown
/bin/machine           = unknown
/usr/bin/oslevel       = unknown
/bin/universe          = unknown

PATH: /host/sage-musllinux_1_2_aarch64/libexec/ccache/
PATH: /project/build/bin/
PATH: /project/tools/
PATH: /host/sage-musllinux_1_2_aarch64/var/lib/sage/venv-python3.9/bin/
PATH: /host/sage-musllinux_1_2_aarch64/bin/
PATH: /host/sage-musllinux_1_2_aarch64/libexec/ccache/
PATH: /project/build/bin/
PATH: /project/tools/
PATH: /host/sage-musllinux_1_2_aarch64/bin/
PATH: /project/src/bin/
PATH: /host/sage-musllinux_1_2_aarch64/bin/
PATH: /project/build/bin/
PATH: /project/src/bin/
PATH: /host/sage-musllinux_1_2_aarch64/bin/
PATH: /project/prefix/bin/
PATH: /opt/python/cp39-cp39/bin/
PATH: /usr/local/sbin/
PATH: /usr/local/bin/
PATH: /usr/sbin/
PATH: /usr/bin/
PATH: /sbin/
PATH: /bin/


## ----------- ##
## Core tests. ##
## ----------- ##

configure:2167: checking for C++ compiler version
configure:2176: g++ -std=gnu++11 --version >&5
g++ (Alpine 14.2.0) 14.2.0
Copyright (C) 2024 Free Software Foundation, Inc.
This is free software; see the source for copying conditions.  There is NO
warranty; not even for MERCHANTABILITY or FITNESS FOR A PARTICULAR PURPOSE.

configure:2187: $? = 0
configure:2176: g++ -std=gnu++11 -v >&5
Using built-in specs.
COLLECT_GCC=/usr/bin/g++
COLLECT_LTO_WRAPPER=/usr/libexec/gcc/aarch64-alpine-linux-musl/14.2.0/lto-wrapper
Target: aarch64-alpine-linux-musl
Configured with: /home/buildozer/aports/main/gcc/src/gcc-14.2.0/configure --prefix=/usr --mandir=/usr/share/man --infodir=/usr/share/info --build=aarch64-alpine-linux-musl --host=aarch64-alpine-linux-musl --target=aarch64-alpine-linux-musl --enable-checking=release --disable-cet --disable-fixed-point --disable-libstdcxx-pch --disable-multilib --disable-nls --disable-werror --disable-symvers --enable-__cxa_atexit --enable-default-pie --enable-default-ssp --enable-languages=c,c++,d,objc,go,fortran,ada --enable-link-serialization=2 --enable-linker-build-id --with-arch=armv8-a --with-abi=lp64 --disable-libquadmath --disable-libssp --disable-libsanitizer --enable-shared --enable-threads --enable-tls --with-bugurl=https://gitlab.alpinelinux.org/alpine/aports/-/issues --with-system-zlib --with-linker-hash-style=gnu --with-pkgversion='Alpine 14.2.0'
Thread model: posix
Supported LTO compression algorithms: zlib
gcc version 14.2.0 (Alpine 14.2.0) 
configure:2187: $? = 0
configure:2176: g++ -std=gnu++11 -V >&5
g++: error: unrecognized command-line option '-V'
g++: fatal error: no input files
compilation terminated.
configure:2187: $? = 1
configure:2176: g++ -std=gnu++11 -qversion >&5
g++: error: unrecognized command-line option '-qversion'; did you mean '--version'?
g++: fatal error: no input files
compilation terminated.
configure:2187: $? = 1
configure:2207: checking whether the C++ compiler works
configure:2229: g++ -std=gnu++11 -g -O2  -Wl,-rpath-link,/host/sage-musllinux_1_2_aarch64/lib -L/host/sage-musllinux_1_2_aarch64/lib -Wl,-rpath,/host/sage-musllinux_1_2_aarch64/lib -Wl,-rpath-link,/host/sage-musllinux_1_2_aarch64/lib -L/host/sage-musllinux_1_2_aarch64/lib -Wl,-rpath,/host/sage-musllinux_1_2_aarch64/lib  conftest.cpp  >&5
configure:2233: $? = 0
configure:2283: result: yes
configure:2286: checking for C++ compiler default output file name
configure:2288: result: a.out
configure:2294: checking for suffix of executables
configure:2301: g++ -std=gnu++11 -o conftest -g -O2  -Wl,-rpath-link,/host/sage-musllinux_1_2_aarch64/lib -L/host/sage-musllinux_1_2_aarch64/lib -Wl,-rpath,/host/sage-musllinux_1_2_aarch64/lib -Wl,-rpath-link,/host/sage-musllinux_1_2_aarch64/lib -L/host/sage-musllinux_1_2_aarch64/lib -Wl,-rpath,/host/sage-musllinux_1_2_aarch64/lib  conftest.cpp  >&5
configure:2305: $? = 0
configure:2328: result: 
configure:2350: checking whether we are cross compiling
configure:2358: g++ -std=gnu++11 -o conftest -g -O2  -Wl,-rpath-link,/host/sage-musllinux_1_2_aarch64/lib -L/host/sage-musllinux_1_2_aarch64/lib -Wl,-rpath,/host/sage-musllinux_1_2_aarch64/lib -Wl,-rpath-link,/host/sage-musllinux_1_2_aarch64/lib -L/host/sage-musllinux_1_2_aarch64/lib -Wl,-rpath,/host/sage-musllinux_1_2_aarch64/lib  conftest.cpp  >&5
configure:2362: $? = 0
configure:2369: ./conftest
configure:2373: $? = 0
configure:2388: result: no
configure:2393: checking for suffix of object files
configure:2416: g++ -std=gnu++11 -c -g -O2  conftest.cpp >&5
configure:2420: $? = 0
configure:2442: result: o
configure:2446: checking whether the compiler supports GNU C++
configure:2466: g++ -std=gnu++11 -c -g -O2  conftest.cpp >&5
configure:2466: $? = 0
configure:2476: result: yes
configure:2487: checking whether g++ -std=gnu++11 accepts -g
configure:2508: g++ -std=gnu++11 -c -g  conftest.cpp >&5
configure:2508: $? = 0
configure:2552: result: yes
configure:2572: checking for g++ -std=gnu++11 option to enable C++11 features
configure:2587: g++ -std=gnu++11  -c -g -O2  conftest.cpp >&5
conftest.cpp: In function 'int main(int, char**)':
conftest.cpp:175:25: warning: empty parentheses were disambiguated as a function declaration [-Wvexing-parse]
  175 |   cxx11test::delegate d2();
      |                         ^~
conftest.cpp:175:25: note: remove parentheses to default-initialize a variable
  175 |   cxx11test::delegate d2();
      |                         ^~
      |                         --
conftest.cpp:175:25: note: or replace parentheses with braces to value-initialize a variable
configure:2587: $? = 0
configure:2605: result: none needed
configure:2692: checking for GAP root directory
configure:2709: result: /host/sage-musllinux_1_2_aarch64/lib/gap
configure:2733: checking for GAP architecture
configure:2740: result: aarch64-unknown-linux-musl-default64-kv9
configure:2983: creating ./config.status

## ---------------------- ##
## Running config.status. ##
## ---------------------- ##

This file was extended by ferret config.status package, which was
generated by GNU Autoconf 2.71.  Invocation command line was

  CONFIG_FILES    = 
  CONFIG_HEADERS  = 
  CONFIG_LINKS    = 
  CONFIG_COMMANDS = 
  $ ./config.status 

on 294d51a98ddc

config.status:725: creating Makefile
config.status:725: creating ferret.vars

## ---------------- ##
## Cache variables. ##
## ---------------- ##

ac_cv_cxx_compiler_gnu='yes'
ac_cv_env_CCC_set=''
ac_cv_env_CCC_value=''
ac_cv_env_CPPFLAGS_set=''
ac_cv_env_CPPFLAGS_value=''
ac_cv_env_CXXFLAGS_set='set'
ac_cv_env_CXXFLAGS_value='-g -O2'
ac_cv_env_CXX_set='set'
ac_cv_env_CXX_value='g++ -std=gnu++11'
ac_cv_env_LDFLAGS_set='set'
ac_cv_env_LDFLAGS_value='-Wl,-rpath-link,/host/sage-musllinux_1_2_aarch64/lib -L/host/sage-musllinux_1_2_aarch64/lib -Wl,-rpath,/host/sage-musllinux_1_2_aarch64/lib -Wl,-rpath-link,/host/sage-musllinux_1_2_aarch64/lib -L/host/sage-musllinux_1_2_aarch64/lib -Wl,-rpath,/host/sage-musllinux_1_2_aarch64/lib '
ac_cv_env_LIBS_set=''
ac_cv_env_LIBS_value=''
ac_cv_env_build_alias_set=''
ac_cv_env_build_alias_value=''
ac_cv_env_host_alias_set=''
ac_cv_env_host_alias_value=''
ac_cv_env_target_alias_set=''
ac_cv_env_target_alias_value=''
ac_cv_objext='o'
ac_cv_prog_cxx_cxx11=''
ac_cv_prog_cxx_g='yes'
ac_cv_prog_cxx_stdcxx=''

## ----------------- ##
## Output variables. ##
## ----------------- ##

CPPFLAGS=''
CXX='g++ -std=gnu++11'
CXXFLAGS='-g -O2'
DEFS='-DPACKAGE_NAME=\"ferret\" -DPACKAGE_TARNAME=\"ferret\" -DPACKAGE_VERSION=\"package\" -DPACKAGE_STRING=\"ferret\ package\" -DPACKAGE_BUGREPORT=\"https://github.com/gap-packages/ferret/issues\" -DPACKAGE_URL=\"https://gap-packages.github.io/ferret/\"'
ECHO_C=''
ECHO_N='-n'
ECHO_T=''
EXEEXT=''
FERRET_CHECK='0'
FERRET_PRINT='0'
FERRET_TIMING=''
GAPARCH='aarch64-unknown-linux-musl-default64-kv9'
GAPEXEC='/host/sage-musllinux_1_2_aarch64/bin/gap'
GAPROOT='/host/sage-musllinux_1_2_aarch64/lib/gap'
GAP_CFLAGS=' -pthread -g -O2'
GAP_CPPFLAGS='-I/host/sage-musllinux_1_2_aarch64/include/gap -I/host/sage-musllinux_1_2_aarch64/include -DUSE_GASMAN=1 -I/src'
GAP_LDFLAGS=''
LDFLAGS='-Wl,-rpath-link,/host/sage-musllinux_1_2_aarch64/lib -L/host/sage-musllinux_1_2_aarch64/lib -Wl,-rpath,/host/sage-musllinux_1_2_aarch64/lib -Wl,-rpath-link,/host/sage-musllinux_1_2_aarch64/lib -L/host/sage-musllinux_1_2_aarch64/lib -Wl,-rpath,/host/sage-musllinux_1_2_aarch64/lib '
LIBOBJS=''
LIBS=''
LTLIBOBJS=''
OBJEXT='o'
PACKAGE_BUGREPORT='https://github.com/gap-packages/ferret/issues'
PACKAGE_NAME='ferret'
PACKAGE_STRING='ferret package'
PACKAGE_TARNAME='ferret'
PACKAGE_URL='https://gap-packages.github.io/ferret/'
PACKAGE_VERSION='package'
PATH_SEPARATOR=':'
SHELL='/bin/sh'
ac_ct_CXX=''
bindir='${exec_prefix}/bin'
build_alias=''
datadir='${datarootdir}'
datarootdir='${prefix}/share'
docdir='${datarootdir}/doc/${PACKAGE_TARNAME}'
dvidir='${docdir}'
exec_prefix='${prefix}'
host_alias=''
htmldir='${docdir}'
includedir='${prefix}/include'
infodir='${datarootdir}/info'
libdir='${exec_prefix}/lib'
libexecdir='${exec_prefix}/libexec'
localedir='${datarootdir}/locale'
localstatedir='${prefix}/var'
mandir='${datarootdir}/man'
oldincludedir='/usr/include'
pdfdir='${docdir}'
prefix='/usr/local'
program_transform_name='s,x,x,'
psdir='${docdir}'
runstatedir='${localstatedir}/run'
sbindir='${exec_prefix}/sbin'
sharedstatedir='${prefix}/com'
sysconfdir='${prefix}/etc'
target_alias=''

## ----------- ##
## confdefs.h. ##
## ----------- ##

/* confdefs.h */
#define PACKAGE_NAME "ferret"
#define PACKAGE_TARNAME "ferret"
#define PACKAGE_VERSION "package"
#define PACKAGE_STRING "ferret package"
#define PACKAGE_BUGREPORT "https://github.com/gap-packages/ferret/issues"
#define PACKAGE_URL "https://gap-packages.github.io/ferret/"

configure: exit 0
