This file contains any messages produced by compilers while
running configure, to aid debugging if configure makes a mistake.

It was created by curlInterface configure GAP package, which was
generated by GNU Autoconf 2.72.  Invocation command line was

  $ ./configure --with-gaproot=/Users/runner/sage-local/lib/gap/

## --------- ##
## Platform. ##
## --------- ##

hostname = Mac-1757919746149.local
uname -m = arm64
uname -r = 23.6.0
uname -s = Darwin
uname -v = Darwin Kernel Version 23.6.0: Thu Apr 24 20:27:23 PDT 2025; root:xnu-10063.141.1.705.2~1/RELEASE_ARM64_VMAPPLE

/usr/bin/uname -p = arm
/bin/uname -X     = unknown

/bin/arch              = unknown
/usr/bin/arch -k       = unknown
/usr/convex/getsysinfo = unknown
/usr/bin/hostinfo      = Mach kernel version:
	 Darwin Kernel Version 23.6.0: Thu Apr 24 20:27:23 PDT 2025; root:xnu-10063.141.1.705.2~1/RELEASE_ARM64_VMAPPLE
Kernel configured for up to 3 processors.
3 processors are physically available.
3 processors are logically available.
Processor type: arm64e (ARM64E)
Processors active: 0 1 2
Primary memory available: 7.00 gigabytes
Default processor set: 511 tasks, 1531 threads, 3 processors
Load average: 20.18, Mach factor: 0.30
/bin/machine           = unknown
/usr/bin/oslevel       = unknown
/bin/universe          = unknown

PATH: /Users/runner/sage-local/libexec/ccache/
PATH: /Users/runner/work/passagemath/passagemath/build/bin/
PATH: /Users/runner/work/passagemath/passagemath/tools/
PATH: /Users/runner/sage-local/var/lib/sage/venv-python3.13/bin/
PATH: /Users/runner/sage-local/bin/
PATH: /Users/runner/sage-local/libexec/ccache/
PATH: /Users/runner/work/passagemath/passagemath/build/bin/
PATH: /Users/runner/work/passagemath/passagemath/tools/
PATH: /Users/runner/sage-local/bin/
PATH: /Users/runner/work/passagemath/passagemath/src/bin/
PATH: /Users/runner/sage-local/bin/
PATH: /Users/runner/work/passagemath/passagemath/build/bin/
PATH: /Users/runner/work/passagemath/passagemath/src/bin/
PATH: /Users/runner/sage-local/bin/
PATH: /opt/homebrew/opt/texinfo/bin/
PATH: /opt/homebrew/opt/bzip2/bin/
PATH: /Users/runner/work/passagemath/passagemath/prefix/bin/
PATH: /opt/homebrew/lib/ruby/gems/3.3.0/bin/
PATH: /opt/homebrew/opt/ruby@3.3/bin/
PATH: /Users/runner/.local/bin/
PATH: /opt/homebrew/bin/
PATH: /opt/homebrew/sbin/
PATH: /Users/runner/.cargo/bin/
PATH: /usr/local/opt/curl/bin/
PATH: /usr/local/bin/
PATH: /usr/local/sbin/
PATH: /Users/runner/bin/
PATH: /Users/runner/.yarn/bin/
PATH: /Users/runner/Library/Android/sdk/tools/
PATH: /Users/runner/Library/Android/sdk/platform-tools/
PATH: /Library/Frameworks/Python.framework/Versions/Current/bin/
PATH: /Library/Frameworks/Mono.framework/Versions/Current/Commands/
PATH: /usr/bin/
PATH: /bin/
PATH: /usr/sbin/
PATH: /sbin/
PATH: /Users/runner/.dotnet/tools/


## ----------- ##
## Core tests. ##
## ----------- ##

configure:2365: checking for gcc
configure:2398: result: gcc
configure:2757: checking for C compiler version
configure:2766: gcc --version >&5
Apple clang version 15.0.0 (clang-1500.3.9.4)
Target: arm64-apple-darwin23.6.0
Thread model: posix
InstalledDir: /Applications/Xcode_15.4.app/Contents/Developer/Toolchains/XcodeDefault.xctoolchain/usr/bin
configure:2777: $? = 0
configure:2766: gcc -v >&5
Apple clang version 15.0.0 (clang-1500.3.9.4)
Target: arm64-apple-darwin23.6.0
Thread model: posix
InstalledDir: /Applications/Xcode_15.4.app/Contents/Developer/Toolchains/XcodeDefault.xctoolchain/usr/bin
configure:2777: $? = 0
configure:2766: gcc -V >&5
clang: error: argument to '-V' is missing (expected 1 value)
clang: error: no input files
configure:2777: $? = 1
configure:2766: gcc -qversion >&5
clang: error: unknown argument '-qversion'; did you mean '--version'?
clang: error: no input files
configure:2777: $? = 1
configure:2766: gcc -version >&5
clang: error: unknown argument '-version'; did you mean '--version'?
clang: error: no input files
configure:2777: $? = 1
configure:2797: checking whether the C compiler works
configure:2819: gcc -g -O2 -std=gnu17 -Wno-implicit-function-declaration  -L/Users/runner/sage-local/lib -L/Users/runner/sage-local/lib -Wl,-ld_classic -Wl,-headerpad_max_install_names  -Wl,-ld_classic conftest.c  >&5
configure:2823: $? = 0
configure:2874: result: yes
configure:2878: checking for C compiler default output file name
configure:2880: result: a.out
configure:2886: checking for suffix of executables
configure:2893: gcc -o conftest -g -O2 -std=gnu17 -Wno-implicit-function-declaration  -L/Users/runner/sage-local/lib -L/Users/runner/sage-local/lib -Wl,-ld_classic -Wl,-headerpad_max_install_names  -Wl,-ld_classic conftest.c  >&5
configure:2897: $? = 0
configure:2921: result: 
configure:2945: checking whether we are cross compiling
configure:2953: gcc -o conftest -g -O2 -std=gnu17 -Wno-implicit-function-declaration  -L/Users/runner/sage-local/lib -L/Users/runner/sage-local/lib -Wl,-ld_classic -Wl,-headerpad_max_install_names  -Wl,-ld_classic conftest.c  >&5
configure:2957: $? = 0
configure:2964: ./conftest
configure:2968: $? = 0
configure:2983: result: no
configure:2989: checking for suffix of object files
configure:3012: gcc -c -g -O2 -std=gnu17 -Wno-implicit-function-declaration  conftest.c >&5
configure:3016: $? = 0
configure:3040: result: o
configure:3044: checking whether the compiler supports GNU C
configure:3064: gcc -c -g -O2 -std=gnu17 -Wno-implicit-function-declaration  conftest.c >&5
configure:3064: $? = 0
configure:3076: result: yes
configure:3087: checking whether gcc accepts -g
configure:3108: gcc -c -g  conftest.c >&5
configure:3108: $? = 0
configure:3155: result: yes
configure:3175: checking for gcc option to enable C11 features
configure:3190: gcc  -c -g -O2 -std=gnu17 -Wno-implicit-function-declaration  conftest.c >&5
configure:3190: $? = 0
configure:3209: result: none needed
configure:3350: checking for GAP root directory
configure:3367: result: /Users/runner/sage-local/lib/gap
configure:3391: checking for GAP architecture
configure:3398: result: aarch64-apple-darwin23-default64-kv9
configure:3487: checking for gawk
configure:3523: result: no
configure:3487: checking for mawk
configure:3523: result: no
configure:3487: checking for nawk
configure:3523: result: no
configure:3487: checking for awk
configure:3508: found /usr/bin/awk
configure:3520: result: awk
configure:3588: checking for curl-config
configure:3611: found /usr/bin/curl-config
configure:3624: result: /usr/bin/curl-config
configure:3635: checking for the version of libcurl
configure:3644: result: 8.7.1
configure:3707: checking whether libcurl is usable
configure:3742: gcc -o conftest -g -O2 -std=gnu17 -Wno-implicit-function-declaration   -L/Users/runner/sage-local/lib -L/Users/runner/sage-local/lib -Wl,-ld_classic -Wl,-headerpad_max_install_names  -Wl,-ld_classic conftest.c -lcurl  >&5
configure:3742: $? = 0
configure:3759: result: yes
configure:3772: checking for curl_free
configure:3772: gcc -o conftest -g -O2 -std=gnu17 -Wno-implicit-function-declaration   -L/Users/runner/sage-local/lib -L/Users/runner/sage-local/lib -Wl,-ld_classic -Wl,-headerpad_max_install_names  -Wl,-ld_classic conftest.c  -lcurl >&5
configure:3772: $? = 0
configure:3772: result: yes
configure:3977: creating ./config.status

## ---------------------- ##
## Running config.status. ##
## ---------------------- ##

This file was extended by curlInterface config.status GAP package, which was
generated by GNU Autoconf 2.72.  Invocation command line was

  CONFIG_FILES    = 
  CONFIG_HEADERS  = 
  CONFIG_LINKS    = 
  CONFIG_COMMANDS = 
  $ ./config.status 

on Mac-1757919746149.local

config.status:829: creating Makefile
config.status:829: creating gen/pkgconfig.h

## ---------------- ##
## Cache variables. ##
## ---------------- ##

ac_cv_c_compiler_gnu=yes
ac_cv_env_CC_set=set
ac_cv_env_CC_value=gcc
ac_cv_env_CFLAGS_set=set
ac_cv_env_CFLAGS_value='-g -O2 -std=gnu17 -Wno-implicit-function-declaration'
ac_cv_env_CPPFLAGS_set=
ac_cv_env_CPPFLAGS_value=
ac_cv_env_LDFLAGS_set=set
ac_cv_env_LDFLAGS_value='-L/Users/runner/sage-local/lib -L/Users/runner/sage-local/lib -Wl,-ld_classic -Wl,-headerpad_max_install_names  -Wl,-ld_classic'
ac_cv_env_LIBS_set=
ac_cv_env_LIBS_value=
ac_cv_env_build_alias_set=
ac_cv_env_build_alias_value=
ac_cv_env_host_alias_set=
ac_cv_env_host_alias_value=
ac_cv_env_target_alias_set=
ac_cv_env_target_alias_value=
ac_cv_func_curl_free=yes
ac_cv_objext=o
ac_cv_path__libcurl_config=/usr/bin/curl-config
ac_cv_prog_AWK=awk
ac_cv_prog_ac_ct_CC=gcc
ac_cv_prog_cc_c11=
ac_cv_prog_cc_g=yes
ac_cv_prog_cc_stdc=
libcurl_cv_lib_curl_usable=yes
libcurl_cv_lib_curl_version=8.7.1

## ----------------- ##
## Output variables. ##
## ----------------- ##

AWK='awk'
CC='gcc'
CFLAGS='-g -O2 -std=gnu17 -Wno-implicit-function-declaration'
CPPFLAGS=''
DEFS='-DHAVE_CONFIG_H'
ECHO_C='\c'
ECHO_N=''
ECHO_T=''
EXEEXT=''
GAPARCH='aarch64-apple-darwin23-default64-kv9'
GAPROOT='/Users/runner/sage-local/lib/gap'
GAP_CFLAGS=' -pthread -g -O2'
GAP_CPPFLAGS='-I/Users/runner/sage-local/include/gap -I/Users/runner/sage-local/include -DUSE_GASMAN=1 -I/src'
GAP_LDFLAGS=''
LDFLAGS='-L/Users/runner/sage-local/lib -L/Users/runner/sage-local/lib -Wl,-ld_classic -Wl,-headerpad_max_install_names  -Wl,-ld_classic'
LIBCURL='-lcurl'
LIBCURL_CPPFLAGS=''
LIBOBJS=''
LIBS=''
LTLIBOBJS=''
OBJEXT='o'
PACKAGE_BUGREPORT=''
PACKAGE_NAME='curlInterface'
PACKAGE_STRING='curlInterface GAP package'
PACKAGE_TARNAME='curlinterface'
PACKAGE_URL=''
PACKAGE_VERSION='GAP package'
PATH_SEPARATOR=':'
SHELL='/bin/sh'
_libcurl_config=''
ac_ct_CC='gcc'
bindir='${exec_prefix}/bin'
build_alias=''
datadir='${datarootdir}'
datarootdir='${prefix}/share'
docdir='${datarootdir}/doc/${PACKAGE_TARNAME}'
dvidir='${docdir}'
exec_prefix='${prefix}'
host_alias=''
htmldir='${docdir}'
includedir='${prefix}/include'
infodir='${datarootdir}/info'
libdir='${exec_prefix}/lib'
libexecdir='${exec_prefix}/libexec'
localedir='${datarootdir}/locale'
localstatedir='${prefix}/var'
mandir='${datarootdir}/man'
oldincludedir='/usr/include'
pdfdir='${docdir}'
prefix='/usr/local'
program_transform_name='s,x,x,'
psdir='${docdir}'
runstatedir='${localstatedir}/run'
sbindir='${exec_prefix}/sbin'
sharedstatedir='${prefix}/com'
sysconfdir='${prefix}/etc'
target_alias=''

## ----------- ##
## confdefs.h. ##
## ----------- ##

/* confdefs.h */
#define PACKAGE_NAME "curlInterface"
#define PACKAGE_TARNAME "curlinterface"
#define PACKAGE_VERSION "GAP package"
#define PACKAGE_STRING "curlInterface GAP package"
#define PACKAGE_BUGREPORT ""
#define PACKAGE_URL ""
#define HAVE_LIBCURL 1
#define LIBCURL_FEATURE_ASYNCHDNS 1
#define LIBCURL_FEATURE_GSS_API 1
#define LIBCURL_FEATURE_HSTS 1
#define LIBCURL_FEATURE_HTTP2 1
#define LIBCURL_FEATURE_HTTPS_PROXY 1
#define LIBCURL_FEATURE_KERBEROS 1
#define LIBCURL_FEATURE_LARGEFILE 1
#define LIBCURL_FEATURE_MULTISSL 1
#define LIBCURL_FEATURE_NTLM 1
#define LIBCURL_FEATURE_SPNEGO 1
#define LIBCURL_FEATURE_SSL 1
#define LIBCURL_FEATURE_UNIXSOCKETS 1
#define LIBCURL_FEATURE_ALT_SVC 1
#define LIBCURL_FEATURE_LIBZ 1
#define LIBCURL_FEATURE_THREADSAFE 1
#define LIBCURL_PROTOCOL_DICT 1
#define LIBCURL_PROTOCOL_FILE 1
#define LIBCURL_PROTOCOL_FTP 1
#define LIBCURL_PROTOCOL_FTPS 1
#define LIBCURL_PROTOCOL_GOPHER 1
#define LIBCURL_PROTOCOL_GOPHERS 1
#define LIBCURL_PROTOCOL_HTTP 1
#define LIBCURL_PROTOCOL_HTTPS 1
#define LIBCURL_PROTOCOL_IMAP 1
#define LIBCURL_PROTOCOL_IMAPS 1
#define LIBCURL_PROTOCOL_LDAP 1
#define LIBCURL_PROTOCOL_LDAPS 1
#define LIBCURL_PROTOCOL_MQTT 1
#define LIBCURL_PROTOCOL_POP3 1
#define LIBCURL_PROTOCOL_POP3S 1
#define LIBCURL_PROTOCOL_RTSP 1
#define LIBCURL_PROTOCOL_SMB 1
#define LIBCURL_PROTOCOL_SMBS 1
#define LIBCURL_PROTOCOL_SMTP 1
#define LIBCURL_PROTOCOL_SMTPS 1
#define LIBCURL_PROTOCOL_TELNET 1
#define LIBCURL_PROTOCOL_TFTP 1

configure: exit 0

## ---------------------- ##
## Running config.status. ##
## ---------------------- ##

This file was extended by curlInterface config.status GAP package, which was
generated by GNU Autoconf 2.72.  Invocation command line was

  CONFIG_FILES    = 
  CONFIG_HEADERS  = 
  CONFIG_LINKS    = 
  CONFIG_COMMANDS = 
  $ ./config.status gen/pkgconfig.h

on Mac-1757919746149.local

config.status:829: creating gen/pkgconfig.h
