This file contains any messages produced by compilers while
running configure, to aid debugging if configure makes a mistake.

It was created by ANU Nilpotent Quotient Program configure package, which was
generated by GNU Autoconf 2.71.  Invocation command line was

  $ ./configure --with-gaproot=/host/sage-musllinux_1_2_aarch64/lib/gap/

## --------- ##
## Platform. ##
## --------- ##

hostname = 294d51a98ddc
uname -m = aarch64
uname -r = 6.11.0-1015-azure
uname -s = Linux
uname -v = #15~24.04.1-Ubuntu SMP Thu May  1 03:01:44 UTC 2025

/usr/bin/uname -p = unknown
/bin/uname -X     = unknown

/bin/arch              = aarch64
/usr/bin/arch -k       = unknown
/usr/convex/getsysinfo = unknown
/usr/bin/hostinfo      = unknown
/bin/machine           = unknown
/usr/bin/oslevel       = unknown
/bin/universe          = unknown

PATH: /host/sage-musllinux_1_2_aarch64/libexec/ccache/
PATH: /project/build/bin/
PATH: /project/tools/
PATH: /host/sage-musllinux_1_2_aarch64/var/lib/sage/venv-python3.9/bin/
PATH: /host/sage-musllinux_1_2_aarch64/bin/
PATH: /host/sage-musllinux_1_2_aarch64/libexec/ccache/
PATH: /project/build/bin/
PATH: /project/tools/
PATH: /host/sage-musllinux_1_2_aarch64/bin/
PATH: /project/src/bin/
PATH: /host/sage-musllinux_1_2_aarch64/bin/
PATH: /project/build/bin/
PATH: /project/src/bin/
PATH: /host/sage-musllinux_1_2_aarch64/bin/
PATH: /project/prefix/bin/
PATH: /opt/python/cp39-cp39/bin/
PATH: /usr/local/sbin/
PATH: /usr/local/bin/
PATH: /usr/sbin/
PATH: /usr/bin/
PATH: /sbin/
PATH: /bin/


## ----------- ##
## Core tests. ##
## ----------- ##

configure:2351: looking for aux files: compile missing install-sh
configure:2364:  trying ./cnf/
configure:2393:   ./cnf/compile found
configure:2393:   ./cnf/missing found
configure:2375:   ./cnf/install-sh found
configure:2527: checking for a BSD-compatible install
configure:2600: result: /usr/bin/install -c
configure:2611: checking whether build environment is sane
configure:2666: result: yes
configure:2825: checking for a race-free mkdir -p
configure:2869: result: /bin/mkdir -p
configure:2876: checking for gawk
configure:2911: result: no
configure:2876: checking for mawk
configure:2911: result: no
configure:2876: checking for nawk
configure:2911: result: no
configure:2876: checking for awk
configure:2897: found /usr/bin/awk
configure:2908: result: awk
configure:2919: checking whether make sets $(MAKE)
configure:2942: result: yes
configure:2972: checking whether make supports nested variables
configure:2990: result: yes
configure:3138: checking whether make supports nested variables
configure:3156: result: yes
configure:3169: checking whether to enable maintainer-specific portions of Makefiles
configure:3179: result: no
configure:3204: checking for gawk
configure:3236: result: awk
configure:3309: checking for gcc
configure:3341: result: gcc
configure:3694: checking for C compiler version
configure:3703: gcc --version >&5
gcc (Alpine 14.2.0) 14.2.0
Copyright (C) 2024 Free Software Foundation, Inc.
This is free software; see the source for copying conditions.  There is NO
warranty; not even for MERCHANTABILITY or FITNESS FOR A PARTICULAR PURPOSE.

configure:3714: $? = 0
configure:3703: gcc -v >&5
Using built-in specs.
COLLECT_GCC=/usr/bin/gcc
COLLECT_LTO_WRAPPER=/usr/libexec/gcc/aarch64-alpine-linux-musl/14.2.0/lto-wrapper
Target: aarch64-alpine-linux-musl
Configured with: /home/buildozer/aports/main/gcc/src/gcc-14.2.0/configure --prefix=/usr --mandir=/usr/share/man --infodir=/usr/share/info --build=aarch64-alpine-linux-musl --host=aarch64-alpine-linux-musl --target=aarch64-alpine-linux-musl --enable-checking=release --disable-cet --disable-fixed-point --disable-libstdcxx-pch --disable-multilib --disable-nls --disable-werror --disable-symvers --enable-__cxa_atexit --enable-default-pie --enable-default-ssp --enable-languages=c,c++,d,objc,go,fortran,ada --enable-link-serialization=2 --enable-linker-build-id --with-arch=armv8-a --with-abi=lp64 --disable-libquadmath --disable-libssp --disable-libsanitizer --enable-shared --enable-threads --enable-tls --with-bugurl=https://gitlab.alpinelinux.org/alpine/aports/-/issues --with-system-zlib --with-linker-hash-style=gnu --with-pkgversion='Alpine 14.2.0'
Thread model: posix
Supported LTO compression algorithms: zlib
gcc version 14.2.0 (Alpine 14.2.0) 
configure:3714: $? = 0
configure:3703: gcc -V >&5
gcc: error: unrecognized command-line option '-V'
gcc: fatal error: no input files
compilation terminated.
configure:3714: $? = 1
configure:3703: gcc -qversion >&5
gcc: error: unrecognized command-line option '-qversion'; did you mean '--version'?
gcc: fatal error: no input files
compilation terminated.
configure:3714: $? = 1
configure:3703: gcc -version >&5
gcc: error: unrecognized command-line option '-version'
gcc: fatal error: no input files
compilation terminated.
configure:3714: $? = 1
configure:3734: checking whether the C compiler works
configure:3756: gcc -g -O2 -std=gnu17 -Wno-implicit-function-declaration  -Wl,-rpath-link,/host/sage-musllinux_1_2_aarch64/lib -L/host/sage-musllinux_1_2_aarch64/lib -Wl,-rpath,/host/sage-musllinux_1_2_aarch64/lib -Wl,-rpath-link,/host/sage-musllinux_1_2_aarch64/lib -L/host/sage-musllinux_1_2_aarch64/lib -Wl,-rpath,/host/sage-musllinux_1_2_aarch64/lib  conftest.c  >&5
configure:3760: $? = 0
configure:3810: result: yes
configure:3813: checking for C compiler default output file name
configure:3815: result: a.out
configure:3821: checking for suffix of executables
configure:3828: gcc -o conftest -g -O2 -std=gnu17 -Wno-implicit-function-declaration  -Wl,-rpath-link,/host/sage-musllinux_1_2_aarch64/lib -L/host/sage-musllinux_1_2_aarch64/lib -Wl,-rpath,/host/sage-musllinux_1_2_aarch64/lib -Wl,-rpath-link,/host/sage-musllinux_1_2_aarch64/lib -L/host/sage-musllinux_1_2_aarch64/lib -Wl,-rpath,/host/sage-musllinux_1_2_aarch64/lib  conftest.c  >&5
configure:3832: $? = 0
configure:3855: result: 
configure:3877: checking whether we are cross compiling
configure:3885: gcc -o conftest -g -O2 -std=gnu17 -Wno-implicit-function-declaration  -Wl,-rpath-link,/host/sage-musllinux_1_2_aarch64/lib -L/host/sage-musllinux_1_2_aarch64/lib -Wl,-rpath,/host/sage-musllinux_1_2_aarch64/lib -Wl,-rpath-link,/host/sage-musllinux_1_2_aarch64/lib -L/host/sage-musllinux_1_2_aarch64/lib -Wl,-rpath,/host/sage-musllinux_1_2_aarch64/lib  conftest.c  >&5
configure:3889: $? = 0
configure:3896: ./conftest
configure:3900: $? = 0
configure:3915: result: no
configure:3920: checking for suffix of object files
configure:3943: gcc -c -g -O2 -std=gnu17 -Wno-implicit-function-declaration  conftest.c >&5
configure:3947: $? = 0
configure:3969: result: o
configure:3973: checking whether the compiler supports GNU C
configure:3993: gcc -c -g -O2 -std=gnu17 -Wno-implicit-function-declaration  conftest.c >&5
configure:3993: $? = 0
configure:4003: result: yes
configure:4014: checking whether gcc accepts -g
configure:4035: gcc -c -g  conftest.c >&5
configure:4035: $? = 0
configure:4079: result: yes
configure:4099: checking for gcc option to enable C11 features
configure:4114: gcc  -c -g -O2 -std=gnu17 -Wno-implicit-function-declaration  conftest.c >&5
configure:4114: $? = 0
configure:4132: result: none needed
configure:4248: checking whether gcc understands -c and -o together
configure:4271: gcc -c conftest.c -o conftest2.o
configure:4274: $? = 0
configure:4271: gcc -c conftest.c -o conftest2.o
configure:4274: $? = 0
configure:4286: result: yes
configure:4306: checking whether make supports the include directive
configure:4321: make -f confmf.GNU && cat confinc.out
make[3]: Entering directory '/host/sage-musllinux_1_2_aarch64/var/tmp/sage/build/gap_packages-4.14.0.p0/src/pkg/nq'
make[3]: Leaving directory '/host/sage-musllinux_1_2_aarch64/var/tmp/sage/build/gap_packages-4.14.0.p0/src/pkg/nq'
this is the am__doit target
configure:4324: $? = 0
configure:4343: result: yes (GNU style)
configure:4369: checking dependency style of gcc
configure:4481: result: gcc3
configure:4496: checking whether make sets $(MAKE)
configure:4519: result: yes
configure:4529: checking for a sed that does not truncate output
configure:4599: result: /bin/sed
configure:4622: checking for GAP root directory
configure:4639: result: /host/sage-musllinux_1_2_aarch64/lib/gap
configure:4663: checking for GAP architecture
configure:4670: result: aarch64-unknown-linux-musl-default64-kv9
configure:4772: checking for stdio.h
configure:4772: gcc -c -g -O2 -std=gnu17 -Wno-implicit-function-declaration   conftest.c >&5
configure:4772: $? = 0
configure:4772: result: yes
configure:4772: checking for stdlib.h
configure:4772: gcc -c -g -O2 -std=gnu17 -Wno-implicit-function-declaration   conftest.c >&5
configure:4772: $? = 0
configure:4772: result: yes
configure:4772: checking for string.h
configure:4772: gcc -c -g -O2 -std=gnu17 -Wno-implicit-function-declaration   conftest.c >&5
configure:4772: $? = 0
configure:4772: result: yes
configure:4772: checking for inttypes.h
configure:4772: gcc -c -g -O2 -std=gnu17 -Wno-implicit-function-declaration   conftest.c >&5
configure:4772: $? = 0
configure:4772: result: yes
configure:4772: checking for stdint.h
configure:4772: gcc -c -g -O2 -std=gnu17 -Wno-implicit-function-declaration   conftest.c >&5
configure:4772: $? = 0
configure:4772: result: yes
configure:4772: checking for strings.h
configure:4772: gcc -c -g -O2 -std=gnu17 -Wno-implicit-function-declaration   conftest.c >&5
configure:4772: $? = 0
configure:4772: result: yes
configure:4772: checking for sys/stat.h
configure:4772: gcc -c -g -O2 -std=gnu17 -Wno-implicit-function-declaration   conftest.c >&5
configure:4772: $? = 0
configure:4772: result: yes
configure:4772: checking for sys/types.h
configure:4772: gcc -c -g -O2 -std=gnu17 -Wno-implicit-function-declaration   conftest.c >&5
configure:4772: $? = 0
configure:4772: result: yes
configure:4772: checking for unistd.h
configure:4772: gcc -c -g -O2 -std=gnu17 -Wno-implicit-function-declaration   conftest.c >&5
configure:4772: $? = 0
configure:4772: result: yes
configure:4797: checking for gmp.h
configure:4797: gcc -c -g -O2 -std=gnu17 -Wno-implicit-function-declaration   conftest.c >&5
configure:4797: $? = 0
configure:4797: result: yes
configure:4804: checking whether linking against GMP works
configure:4817: gcc -o conftest -g -O2 -std=gnu17 -Wno-implicit-function-declaration   -Wl,-rpath-link,/host/sage-musllinux_1_2_aarch64/lib -L/host/sage-musllinux_1_2_aarch64/lib -Wl,-rpath,/host/sage-musllinux_1_2_aarch64/lib -Wl,-rpath-link,/host/sage-musllinux_1_2_aarch64/lib -L/host/sage-musllinux_1_2_aarch64/lib -Wl,-rpath,/host/sage-musllinux_1_2_aarch64/lib   conftest.c  -lgmp >&5
configure:4817: $? = 0
configure:4823: result: yes
configure:4843: checking for unsigned long long int
configure:4885: gcc -o conftest -g -O2 -std=gnu17 -Wno-implicit-function-declaration  -Wl,-rpath-link,/host/sage-musllinux_1_2_aarch64/lib -L/host/sage-musllinux_1_2_aarch64/lib -Wl,-rpath,/host/sage-musllinux_1_2_aarch64/lib -Wl,-rpath-link,/host/sage-musllinux_1_2_aarch64/lib -L/host/sage-musllinux_1_2_aarch64/lib -Wl,-rpath,/host/sage-musllinux_1_2_aarch64/lib  conftest.c  >&5
configure:4885: $? = 0
configure:4895: result: yes
configure:4905: checking for long long int
configure:4947: gcc -o conftest -g -O2 -std=gnu17 -Wno-implicit-function-declaration  -Wl,-rpath-link,/host/sage-musllinux_1_2_aarch64/lib -L/host/sage-musllinux_1_2_aarch64/lib -Wl,-rpath,/host/sage-musllinux_1_2_aarch64/lib -Wl,-rpath-link,/host/sage-musllinux_1_2_aarch64/lib -L/host/sage-musllinux_1_2_aarch64/lib -Wl,-rpath,/host/sage-musllinux_1_2_aarch64/lib  conftest.c  >&5
configure:4947: $? = 0
configure:4947: ./conftest
configure:4947: $? = 0
configure:4960: result: yes
configure:4969: checking for getrusage
configure:4969: gcc -o conftest -g -O2 -std=gnu17 -Wno-implicit-function-declaration  -Wl,-rpath-link,/host/sage-musllinux_1_2_aarch64/lib -L/host/sage-musllinux_1_2_aarch64/lib -Wl,-rpath,/host/sage-musllinux_1_2_aarch64/lib -Wl,-rpath-link,/host/sage-musllinux_1_2_aarch64/lib -L/host/sage-musllinux_1_2_aarch64/lib -Wl,-rpath,/host/sage-musllinux_1_2_aarch64/lib  conftest.c  >&5
configure:4969: $? = 0
configure:4969: result: yes
configure:5088: checking that generated files are newer than configure
configure:5094: result: done
configure:5121: creating ./config.status

## ---------------------- ##
## Running config.status. ##
## ---------------------- ##

This file was extended by ANU Nilpotent Quotient Program config.status package, which was
generated by GNU Autoconf 2.71.  Invocation command line was

  CONFIG_FILES    = 
  CONFIG_HEADERS  = 
  CONFIG_LINKS    = 
  CONFIG_COMMANDS = 
  $ ./config.status 

on 294d51a98ddc

config.status:865: creating Makefile
config.status:865: creating examples/Makefile
config.status:865: creating src/config.h
config.status:1094: executing depfiles commands
config.status:1169: cd .       && sed -e '/# am--include-marker/d' Makefile         | make -f - am--depfiles
make[3]: Entering directory '/host/sage-musllinux_1_2_aarch64/var/tmp/sage/build/gap_packages-4.14.0.p0/src/pkg/nq'
make[3]: Leaving directory '/host/sage-musllinux_1_2_aarch64/var/tmp/sage/build/gap_packages-4.14.0.p0/src/pkg/nq'
config.status:1176: $? = 0

## ---------------- ##
## Cache variables. ##
## ---------------- ##

ac_cv_c_compiler_gnu='yes'
ac_cv_env_CC_set='set'
ac_cv_env_CC_value='gcc'
ac_cv_env_CFLAGS_set='set'
ac_cv_env_CFLAGS_value='-g -O2 -std=gnu17 -Wno-implicit-function-declaration'
ac_cv_env_CPPFLAGS_set=''
ac_cv_env_CPPFLAGS_value=''
ac_cv_env_LDFLAGS_set='set'
ac_cv_env_LDFLAGS_value='-Wl,-rpath-link,/host/sage-musllinux_1_2_aarch64/lib -L/host/sage-musllinux_1_2_aarch64/lib -Wl,-rpath,/host/sage-musllinux_1_2_aarch64/lib -Wl,-rpath-link,/host/sage-musllinux_1_2_aarch64/lib -L/host/sage-musllinux_1_2_aarch64/lib -Wl,-rpath,/host/sage-musllinux_1_2_aarch64/lib '
ac_cv_env_LIBS_set=''
ac_cv_env_LIBS_value=''
ac_cv_env_build_alias_set=''
ac_cv_env_build_alias_value=''
ac_cv_env_host_alias_set=''
ac_cv_env_host_alias_value=''
ac_cv_env_target_alias_set=''
ac_cv_env_target_alias_value=''
ac_cv_func_getrusage='yes'
ac_cv_header_gmp_h='yes'
ac_cv_header_inttypes_h='yes'
ac_cv_header_stdint_h='yes'
ac_cv_header_stdio_h='yes'
ac_cv_header_stdlib_h='yes'
ac_cv_header_string_h='yes'
ac_cv_header_strings_h='yes'
ac_cv_header_sys_stat_h='yes'
ac_cv_header_sys_types_h='yes'
ac_cv_header_unistd_h='yes'
ac_cv_objext='o'
ac_cv_path_SED='/bin/sed'
ac_cv_path_install='/usr/bin/install -c'
ac_cv_path_mkdir='/bin/mkdir'
ac_cv_prog_AWK='awk'
ac_cv_prog_ac_ct_CC='gcc'
ac_cv_prog_cc_c11=''
ac_cv_prog_cc_g='yes'
ac_cv_prog_cc_stdc=''
ac_cv_prog_make_make_set='yes'
ac_cv_type_long_long_int='yes'
ac_cv_type_unsigned_long_long_int='yes'
am_cv_CC_dependencies_compiler_type='gcc3'
am_cv_make_support_nested_variables='yes'
am_cv_prog_cc_c_o='yes'

## ----------------- ##
## Output variables. ##
## ----------------- ##

ACLOCAL='${SHELL} '\''/host/sage-musllinux_1_2_aarch64/var/tmp/sage/build/gap_packages-4.14.0.p0/src/pkg/nq/cnf/missing'\'' aclocal-1.16'
AMDEPBACKSLASH='\'
AMDEP_FALSE='#'
AMDEP_TRUE=''
AMTAR='$${TAR-tar}'
AM_BACKSLASH='\'
AM_DEFAULT_V='$(AM_DEFAULT_VERBOSITY)'
AM_DEFAULT_VERBOSITY='0'
AM_V='$(V)'
AUTOCONF='${SHELL} '\''/host/sage-musllinux_1_2_aarch64/var/tmp/sage/build/gap_packages-4.14.0.p0/src/pkg/nq/cnf/missing'\'' autoconf'
AUTOHEADER='${SHELL} '\''/host/sage-musllinux_1_2_aarch64/var/tmp/sage/build/gap_packages-4.14.0.p0/src/pkg/nq/cnf/missing'\'' autoheader'
AUTOMAKE='${SHELL} '\''/host/sage-musllinux_1_2_aarch64/var/tmp/sage/build/gap_packages-4.14.0.p0/src/pkg/nq/cnf/missing'\'' automake-1.16'
AWK='awk'
CC='gcc'
CCDEPMODE='depmode=gcc3'
CFLAGS='-g -O2 -std=gnu17 -Wno-implicit-function-declaration'
CPPFLAGS=''
CSCOPE='cscope'
CTAGS='ctags'
CYGPATH_W='echo'
DEFS='-DHAVE_CONFIG_H'
DEPDIR='.deps'
ECHO_C=''
ECHO_N='-n'
ECHO_T=''
ETAGS='etags'
EXEEXT=''
GAP='/host/sage-musllinux_1_2_aarch64/bin/gap'
GAPARCH='aarch64-unknown-linux-musl-default64-kv9'
GAPROOT='/host/sage-musllinux_1_2_aarch64/lib/gap'
GAP_CFLAGS=' -pthread -g -O2'
GAP_CPPFLAGS='-I/host/sage-musllinux_1_2_aarch64/include/gap -I/host/sage-musllinux_1_2_aarch64/include -DUSE_GASMAN=1 -I/src'
GAP_LDFLAGS=''
GMP_CPPFLAGS=''
GMP_LDFLAGS=''
GMP_LIBS='-lgmp'
INSTALL_DATA='${INSTALL} -m 644'
INSTALL_PROGRAM='${INSTALL}'
INSTALL_SCRIPT='${INSTALL}'
INSTALL_STRIP_PROGRAM='$(install_sh) -c -s'
LDFLAGS='-Wl,-rpath-link,/host/sage-musllinux_1_2_aarch64/lib -L/host/sage-musllinux_1_2_aarch64/lib -Wl,-rpath,/host/sage-musllinux_1_2_aarch64/lib -Wl,-rpath-link,/host/sage-musllinux_1_2_aarch64/lib -L/host/sage-musllinux_1_2_aarch64/lib -Wl,-rpath,/host/sage-musllinux_1_2_aarch64/lib '
LIBOBJS=''
LIBS=''
LTLIBOBJS=''
MAINT='#'
MAINTAINER_MODE_FALSE=''
MAINTAINER_MODE_TRUE='#'
MAKEINFO='${SHELL} '\''/host/sage-musllinux_1_2_aarch64/var/tmp/sage/build/gap_packages-4.14.0.p0/src/pkg/nq/cnf/missing'\'' makeinfo'
MKDIR_P='/bin/mkdir -p'
OBJEXT='o'
PACKAGE='nq'
PACKAGE_BUGREPORT='https://github.com/gap-packages/nq/issues'
PACKAGE_NAME='ANU Nilpotent Quotient Program'
PACKAGE_STRING='ANU Nilpotent Quotient Program package'
PACKAGE_TARNAME='nq'
PACKAGE_URL='https://gap-packages.github.io/nq/'
PACKAGE_VERSION='package'
PATH_SEPARATOR=':'
SED='/bin/sed'
SET_MAKE=''
SHELL='/bin/sh'
STRIP=''
VERSION='package'
ac_ct_CC='gcc'
am__EXEEXT_FALSE=''
am__EXEEXT_TRUE='#'
am__fastdepCC_FALSE='#'
am__fastdepCC_TRUE=''
am__include='include'
am__isrc=''
am__leading_dot='.'
am__nodep='_no'
am__quote=''
am__tar='$${TAR-tar} chof - "$$tardir"'
am__untar='$${TAR-tar} xf -'
bindir='${exec_prefix}/bin'
build_alias=''
datadir='${datarootdir}'
datarootdir='${prefix}/share'
docdir='${datarootdir}/doc/${PACKAGE_TARNAME}'
dvidir='${docdir}'
exec_prefix='${prefix}'
host_alias=''
htmldir='${docdir}'
includedir='${prefix}/include'
infodir='${datarootdir}/info'
install_sh='${SHELL} /host/sage-musllinux_1_2_aarch64/var/tmp/sage/build/gap_packages-4.14.0.p0/src/pkg/nq/cnf/install-sh'
libdir='${exec_prefix}/lib'
libexecdir='${exec_prefix}/libexec'
localedir='${datarootdir}/locale'
localstatedir='${prefix}/var'
mandir='${datarootdir}/man'
mkdir_p='$(MKDIR_P)'
oldincludedir='/usr/include'
pdfdir='${docdir}'
prefix='/usr/local'
program_transform_name='s,x,x,'
psdir='${docdir}'
runstatedir='${localstatedir}/run'
sbindir='${exec_prefix}/sbin'
sharedstatedir='${prefix}/com'
sysconfdir='${prefix}/etc'
target_alias=''

## ----------- ##
## confdefs.h. ##
## ----------- ##

/* confdefs.h */
#define PACKAGE_NAME "ANU Nilpotent Quotient Program"
#define PACKAGE_TARNAME "nq"
#define PACKAGE_VERSION "package"
#define PACKAGE_STRING "ANU Nilpotent Quotient Program package"
#define PACKAGE_BUGREPORT "https://github.com/gap-packages/nq/issues"
#define PACKAGE_URL "https://gap-packages.github.io/nq/"
#define PACKAGE "nq"
#define VERSION "package"
#define HAVE_STDIO_H 1
#define HAVE_STDLIB_H 1
#define HAVE_STRING_H 1
#define HAVE_INTTYPES_H 1
#define HAVE_STDINT_H 1
#define HAVE_STRINGS_H 1
#define HAVE_SYS_STAT_H 1
#define HAVE_SYS_TYPES_H 1
#define HAVE_UNISTD_H 1
#define STDC_HEADERS 1
#define HAVE_UNSIGNED_LONG_LONG_INT 1
#define HAVE_LONG_LONG_INT 1
#define HAVE_GETRUSAGE 1

configure: exit 0
